Log file open, 11/24/20 01:10:25
LogInit: Display: Running engine for game: GhostMystery
LogPlatformFile: Not using cached read wrapper
LogTaskGraph: Started task graph with 5 named threads and 35 total threads with 3 sets of task threads.
LogStats: Stats thread started at 0.218477
LogD3D11RHI: Loaded GFSDK_Aftermath_Lib.x64.dll
LogICUInternationalization: ICU TimeZone Detection - Raw Offset: -5:00, Platform Override: ''
LogPluginManager: Mounting plugin Paper2D
LogPluginManager: Mounting plugin AISupport
LogPluginManager: Mounting plugin LightPropagationVolume
LogPluginManager: Mounting plugin CameraShakePreviewer
LogPluginManager: Mounting plugin ActorLayerUtilities
LogPluginManager: Mounting plugin AnimationSharing
LogPluginManager: Mounting plugin CLionSourceCodeAccess
LogPluginManager: Mounting plugin CodeLiteSourceCodeAccess
LogPluginManager: Mounting plugin GitSourceControl
LogPluginManager: Mounting plugin KDevelopSourceCodeAccess
LogPluginManager: Mounting plugin NullSourceCodeAccess
LogPluginManager: Mounting plugin PerforceSourceControl
LogPluginManager: Mounting plugin PlasticSourceControl
LogPluginManager: Mounting plugin RiderSourceCodeAccess
LogPluginManager: Mounting plugin SubversionSourceControl
LogPluginManager: Mounting plugin UObjectPlugin
LogPluginManager: Mounting plugin VisualStudioCodeSourceCodeAccess
LogPluginManager: Mounting plugin VisualStudioSourceCodeAccess
LogPluginManager: Mounting plugin XCodeSourceCodeAccess
LogPluginManager: Mounting plugin AssetManagerEditor
LogPluginManager: Mounting plugin CryptoKeys
LogPluginManager: Mounting plugin CurveEditorTools
LogPluginManager: Mounting plugin DataValidation
LogPluginManager: Mounting plugin EditorScriptingUtilities
LogPluginManager: Mounting plugin FacialAnimation
LogPluginManager: Mounting plugin GameplayTagsEditor
LogPluginManager: Mounting plugin GeometryMode
LogPluginManager: Mounting plugin MacGraphicsSwitching
LogPluginManager: Mounting plugin MaterialAnalyzer
LogPluginManager: Mounting plugin MobileLauncherProfileWizard
LogPluginManager: Mounting plugin PluginBrowser
LogPluginManager: Mounting plugin SpeedTreeImporter
LogPluginManager: Mounting plugin DatasmithContent
LogPluginManager: Mounting plugin VariantManagerContent
LogPluginManager: Mounting plugin AlembicImporter
LogPluginManager: Mounting plugin AutomationUtils
LogPluginManager: Mounting plugin BackChannel
LogPluginManager: Mounting plugin ChaosCloth
LogPluginManager: Mounting plugin ChaosClothEditor
LogPluginManager: Mounting plugin ChaosEditor
LogPluginManager: Mounting plugin ChaosNiagara
LogPluginManager: Mounting plugin ChaosSolverPlugin
LogPluginManager: Mounting plugin CharacterAI
LogPluginManager: Mounting plugin GeometryCache
LogPluginManager: Mounting plugin GeometryCollectionPlugin
LogPluginManager: Mounting plugin GeometryProcessing
LogPluginManager: Mounting plugin PlanarCut
LogPluginManager: Mounting plugin PlatformCrypto
LogPluginManager: Mounting plugin ProxyLODPlugin
LogPluginManager: Mounting plugin SkeletalReduction
LogPluginManager: Mounting plugin Niagara
LogPluginManager: Mounting plugin MagicLeap
LogPluginManager: Mounting plugin MagicLeapLightEstimation
LogPluginManager: Mounting plugin MagicLeapMedia
LogPluginManager: Mounting plugin MagicLeapPassableWorld
LogPluginManager: Mounting plugin MLSDK
LogPluginManager: Mounting plugin AndroidMedia
LogPluginManager: Mounting plugin AvfMedia
LogPluginManager: Mounting plugin ImgMedia
LogPluginManager: Mounting plugin MediaCompositing
LogPluginManager: Mounting plugin MediaPlayerEditor
LogPluginManager: Mounting plugin WebMMedia
LogPluginManager: Mounting plugin WmfMedia
LogPluginManager: Mounting plugin MeshPainting
LogPluginManager: Mounting plugin TcpMessaging
LogPluginManager: Mounting plugin UdpMessaging
LogPluginManager: Mounting plugin ActorSequence
LogPluginManager: Mounting plugin LevelSequenceEditor
LogPluginManager: Mounting plugin MatineeToLevelSequence
LogPluginManager: Mounting plugin MovieRenderPipeline
LogPluginManager: Mounting plugin TemplateSequence
LogPluginManager: Mounting plugin NetcodeUnitTest
LogPluginManager: Mounting plugin NUTUnrealEngine4
LogPluginManager: Mounting plugin OnlineSubsystemGooglePlay
LogPluginManager: Mounting plugin OnlineSubsystemIOS
LogPluginManager: Mounting plugin OnlineSubsystem
LogPluginManager: Mounting plugin OnlineSubsystemNull
LogPluginManager: Mounting plugin OnlineSubsystemUtils
LogPluginManager: Mounting plugin LauncherChunkInstaller
LogPluginManager: Mounting plugin AndroidDeviceProfileSelector
LogPluginManager: Mounting plugin AndroidMoviePlayer
LogPluginManager: Mounting plugin AndroidPermission
LogPluginManager: Mounting plugin AppleImageUtils
LogPluginManager: Mounting plugin AppleMoviePlayer
LogPluginManager: Mounting plugin ArchVisCharacter
LogPluginManager: Mounting plugin AssetTags
LogPluginManager: Mounting plugin AudioCapture
LogPluginManager: Mounting plugin CableComponent
LogPluginManager: Mounting plugin CustomMeshComponent
LogPluginManager: Mounting plugin EditableMesh
LogPluginManager: Mounting plugin ExampleDeviceProfileSelector
LogPluginManager: Mounting plugin GoogleCloudMessaging
LogPluginManager: Mounting plugin GooglePAD
LogPluginManager: Mounting plugin IOSDeviceProfileSelector
LogPluginManager: Mounting plugin LinuxDeviceProfileSelector
LogPluginManager: Mounting plugin LocationServicesBPLibrary
LogPluginManager: Mounting plugin MobilePatchingUtils
LogPluginManager: Mounting plugin OculusVR
LogPluginManager: Mounting plugin PhysXVehicles
LogPluginManager: Mounting plugin PostSplashScreen
LogPluginManager: Mounting plugin ProceduralMeshComponent
LogPluginManager: Mounting plugin RuntimePhysXCooking
LogPluginManager: Mounting plugin SignificanceManager
LogPluginManager: Mounting plugin SoundFields
LogPluginManager: Mounting plugin SteamVR
LogPluginManager: Mounting plugin Synthesis
LogPluginManager: Mounting plugin WebMMoviePlayer
LogPluginManager: Mounting plugin WindowsMoviePlayer
LogPluginManager: Mounting plugin ScreenshotTools
LogInit: Using libcurl 7.55.1-DEV
LogInit:  - built for x86_64-pc-win32
LogInit:  - supports SSL with OpenSSL/1.1.1
LogInit:  - supports HTTP deflate (compression) using libz 1.2.8
LogInit:  - other features:
LogInit:      CURL_VERSION_SSL
LogInit:      CURL_VERSION_LIBZ
LogInit:      CURL_VERSION_IPV6
LogInit:      CURL_VERSION_ASYNCHDNS
LogInit:      CURL_VERSION_LARGEFILE
LogInit:      CURL_VERSION_IDN
LogInit:  CurlRequestOptions (configurable via config and command line):
LogInit:  - bVerifyPeer = true  - Libcurl will verify peer certificate
LogInit:  - bUseHttpProxy = false  - Libcurl will NOT use HTTP proxy
LogInit:  - bDontReuseConnections = false  - Libcurl will reuse connections
LogInit:  - MaxHostConnections = 16  - Libcurl will limit the number of connections to a host
LogInit:  - LocalHostAddr = Default
LogInit:  - BufferSize = 65536
LogOnline: OSS: Creating online subsystem instance for: NULL
LogInit: WinSock: version 1.1 (2.2), MaxSocks=32767, MaxUdp=65467
LogOnline: OSS: TryLoadSubsystemAndSetDefault: Loaded subsystem for module [NULL]
LogInit: Build: ++UE4+Release-4.25-CL-13942748
LogInit: Engine Version: 4.25.3-13942748+++UE4+Release-4.25
LogInit: Compatible Engine Version: 4.25.0-13144385+++UE4+Release-4.25
LogInit: Net CL: 13144385
LogInit: OS: Windows 10 (Release 1909) (), CPU: AMD Ryzen 5 2600 Six-Core Processor            , GPU: NVIDIA GeForce GTX 1660 Ti
LogInit: Compiled (64-bit): Jul 25 2020 02:07:48
LogInit: Compiled with Visual C++: 19.24.28315.00
LogInit: Build Configuration: Development
LogInit: Branch Name: ++UE4+Release-4.25
LogInit: Command Line: 
LogInit: Base Directory: D:/Epic Games/UE_4.25/Engine/Binaries/Win64/
LogInit: Allocator: TBB
LogInit: Installed Engine Build: 1
LogDevObjectVersion: Number of dev versions registered: 26
LogDevObjectVersion:   Dev-Blueprints (B0D832E4-1F89-4F0D-ACCF-7EB736FD4AA2): 10
LogDevObjectVersion:   Dev-Build (E1C64328-A22C-4D53-A36C-8E866417BD8C): 0
LogDevObjectVersion:   Dev-Core (375EC13C-06E4-48FB-B500-84F0262A717E): 4
LogDevObjectVersion:   Dev-Editor (E4B068ED-F494-42E9-A231-DA0B2E46BB41): 38
LogDevObjectVersion:   Dev-Framework (CFFC743F-43B0-4480-9391-14DF171D2073): 37
LogDevObjectVersion:   Dev-Mobile (B02B49B5-BB20-44E9-A304-32B752E40360): 2
LogDevObjectVersion:   Dev-Networking (A4E4105C-59A1-49B5-A7C5-40C4547EDFEE): 0
LogDevObjectVersion:   Dev-Online (39C831C9-5AE6-47DC-9A44-9C173E1C8E7C): 0
LogDevObjectVersion:   Dev-Physics (78F01B33-EBEA-4F98-B9B4-84EACCB95AA2): 4
LogDevObjectVersion:   Dev-Platform (6631380F-2D4D-43E0-8009-CF276956A95A): 0
LogDevObjectVersion:   Dev-Rendering (12F88B9F-8875-4AFC-A67C-D90C383ABD29): 43
LogDevObjectVersion:   Dev-Sequencer (7B5AE74C-D270-4C10-A958-57980B212A5A): 12
LogDevObjectVersion:   Dev-VR (D7296918-1DD6-4BDD-9DE2-64A83CC13884): 3
LogDevObjectVersion:   Dev-LoadTimes (C2A15278-BFE7-4AFE-6C17-90FF531DF755): 1
LogDevObjectVersion:   Private-Geometry (6EACA3D4-40EC-4CC1-B786-8BED09428FC5): 3
LogDevObjectVersion:   Dev-AnimPhys (29E575DD-E0A3-4627-9D10-D276232CDCEA): 17
LogDevObjectVersion:   Dev-Anim (AF43A65D-7FD3-4947-9873-3E8ED9C1BB05): 7
LogDevObjectVersion:   Dev-ReflectionCapture (6B266CEC-1EC7-4B8F-A30B-E4D90942FC07): 1
LogDevObjectVersion:   Dev-Automation (0DF73D61-A23F-47EA-B727-89E90C41499A): 1
LogDevObjectVersion:   FortniteMain (601D1886-AC64-4F84-AA16-D3DE0DEAC7D6): 31
LogDevObjectVersion:   Dev-Enterprise (9DFFBCD6-494F-0158-E221-12823C92A888): 10
LogDevObjectVersion:   Dev-Niagara (F2AED0AC-9AFE-416F-8664-AA7FFA26D6FC): 1
LogDevObjectVersion:   Dev-Destruction (174F1F0B-B4C6-45A5-B13F-2EE8D0FB917D): 10
LogDevObjectVersion:   Dev-Physics-Ext (35F94A83-E258-406C-A318-09F59610247C): 37
LogDevObjectVersion:   Dev-PhysicsMaterial-Chaos (B68FC16E-8B1B-42E2-B453-215C058844FE): 1
LogDevObjectVersion:   Dev-CineCamera (B2E18506-4273-CFC2-A54E-F4BB758BBA07): 1
LogInit: Presizing for max 25165824 objects, including 0 objects not considered by GC, pre-allocating 0 bytes for permanent pool.
LogConfig: Applying CVar settings from Section [/Script/Engine.StreamingSettings] File [D:/Github/GhostMysteryFinalRepo/GhostMystery/Saved/Config/Windows/Engine.ini]
LogConfig: Setting CVar [[s.MinBulkDataSizeForAsyncLoading:131072]]
LogConfig: Setting CVar [[s.AsyncLoadingThreadEnabled:0]]
LogConfig: Setting CVar [[s.EventDrivenLoaderEnabled:1]]
LogConfig: Setting CVar [[s.WarnIfTimeLimitExceeded:0]]
LogConfig: Setting CVar [[s.TimeLimitExceededMultiplier:1.5]]
LogConfig: Setting CVar [[s.TimeLimitExceededMinTime:0.005]]
LogConfig: Setting CVar [[s.UseBackgroundLevelStreaming:1]]
LogConfig: Setting CVar [[s.PriorityAsyncLoadingExtraTime:15.0]]
LogConfig: Setting CVar [[s.LevelStreamingActorsUpdateTimeLimit:5.0]]
LogConfig: Setting CVar [[s.PriorityLevelStreamingActorsUpdateExtraTime:5.0]]
LogConfig: Setting CVar [[s.LevelStreamingComponentsRegistrationGranularity:10]]
LogConfig: Setting CVar [[s.UnregisterComponentsTimeLimit:1.0]]
LogConfig: Setting CVar [[s.LevelStreamingComponentsUnregistrationGranularity:5]]
LogConfig: Setting CVar [[s.FlushStreamingOnExit:1]]
LogInit: Object subsystem initialized
LogConfig: Setting CVar [[con.DebugEarlyDefault:1]]
LogConfig: Setting CVar [[r.setres:1280x720]]
[2020.11.24-06.10.25:973][  0]LogConfig: Setting CVar [[r.VSync:0]]
[2020.11.24-06.10.25:973][  0]LogConfig: Setting CVar [[r.RHICmdBypass:0]]
[2020.11.24-06.10.25:973][  0]LogConfig: Applying CVar settings from Section [/Script/Engine.RendererSettings] File [D:/Github/GhostMysteryFinalRepo/GhostMystery/Saved/Config/Windows/Engine.ini]
[2020.11.24-06.10.25:973][  0]LogConfig: Setting CVar [[r.GPUCrashDebugging:0]]
[2020.11.24-06.10.25:973][  0]LogConfig: Setting CVar [[r.MobileHDR:0]]
[2020.11.24-06.10.25:973][  0]LogConfig: Applying CVar settings from Section [/Script/Engine.RendererOverrideSettings] File [D:/Github/GhostMysteryFinalRepo/GhostMystery/Saved/Config/Windows/Engine.ini]
[2020.11.24-06.10.25:973][  0]LogConfig: Applying CVar settings from Section [/Script/Engine.StreamingSettings] File [D:/Github/GhostMysteryFinalRepo/GhostMystery/Saved/Config/Windows/Engine.ini]
[2020.11.24-06.10.25:973][  0]LogConfig: Setting CVar [[s.MinBulkDataSizeForAsyncLoading:131072]]
[2020.11.24-06.10.25:973][  0]LogConfig: Setting CVar [[s.AsyncLoadingThreadEnabled:0]]
[2020.11.24-06.10.25:973][  0]LogConfig: Setting CVar [[s.EventDrivenLoaderEnabled:1]]
[2020.11.24-06.10.25:973][  0]LogConfig: Setting CVar [[s.WarnIfTimeLimitExceeded:0]]
[2020.11.24-06.10.25:973][  0]LogConfig: Setting CVar [[s.TimeLimitExceededMultiplier:1.5]]
[2020.11.24-06.10.25:973][  0]LogConfig: Setting CVar [[s.TimeLimitExceededMinTime:0.005]]
[2020.11.24-06.10.25:973][  0]LogConfig: Setting CVar [[s.UseBackgroundLevelStreaming:1]]
[2020.11.24-06.10.25:973][  0]LogConfig: Setting CVar [[s.PriorityAsyncLoadingExtraTime:15.0]]
[2020.11.24-06.10.25:973][  0]LogConfig: Setting CVar [[s.LevelStreamingActorsUpdateTimeLimit:5.0]]
[2020.11.24-06.10.25:973][  0]LogConfig: Setting CVar [[s.PriorityLevelStreamingActorsUpdateExtraTime:5.0]]
[2020.11.24-06.10.25:973][  0]LogConfig: Setting CVar [[s.LevelStreamingComponentsRegistrationGranularity:10]]
[2020.11.24-06.10.25:973][  0]LogConfig: Setting CVar [[s.UnregisterComponentsTimeLimit:1.0]]
[2020.11.24-06.10.25:973][  0]LogConfig: Setting CVar [[s.LevelStreamingComponentsUnregistrationGranularity:5]]
[2020.11.24-06.10.25:973][  0]LogConfig: Setting CVar [[s.FlushStreamingOnExit:1]]
[2020.11.24-06.10.25:973][  0]LogConfig: Applying CVar settings from Section [/Script/Engine.GarbageCollectionSettings] File [D:/Github/GhostMysteryFinalRepo/GhostMystery/Saved/Config/Windows/Engine.ini]
[2020.11.24-06.10.25:973][  0]LogConfig: Setting CVar [[gc.MaxObjectsNotConsideredByGC:1]]
[2020.11.24-06.10.25:973][  0]LogConfig: Setting CVar [[gc.SizeOfPermanentObjectPool:0]]
[2020.11.24-06.10.25:973][  0]LogConfig: Setting CVar [[gc.FlushStreamingOnGC:0]]
[2020.11.24-06.10.25:973][  0]LogConfig: Setting CVar [[gc.NumRetriesBeforeForcingGC:10]]
[2020.11.24-06.10.25:973][  0]LogConfig: Setting CVar [[gc.AllowParallelGC:1]]
[2020.11.24-06.10.25:973][  0]LogConfig: Setting CVar [[gc.TimeBetweenPurgingPendingKillObjects:61.1]]
[2020.11.24-06.10.25:973][  0]LogConfig: Setting CVar [[gc.MaxObjectsInEditor:25165824]]
[2020.11.24-06.10.25:973][  0]LogConfig: Setting CVar [[gc.IncrementalBeginDestroyEnabled:1]]
[2020.11.24-06.10.25:973][  0]LogConfig: Setting CVar [[gc.CreateGCClusters:1]]
[2020.11.24-06.10.25:973][  0]LogConfig: Setting CVar [[gc.MinGCClusterSize:5]]
[2020.11.24-06.10.25:974][  0]LogConfig: Setting CVar [[gc.ActorClusteringEnabled:0]]
[2020.11.24-06.10.25:974][  0]LogConfig: Setting CVar [[gc.BlueprintClusteringEnabled:0]]
[2020.11.24-06.10.25:974][  0]LogConfig: Setting CVar [[gc.UseDisregardForGCOnDedicatedServers:0]]
[2020.11.24-06.10.25:974][  0]LogConfig: Applying CVar settings from Section [/Script/Engine.NetworkSettings] File [D:/Github/GhostMysteryFinalRepo/GhostMystery/Saved/Config/Windows/Engine.ini]
[2020.11.24-06.10.25:974][  0]LogConfig: Applying CVar settings from Section [/Script/UnrealEd.CookerSettings] File [D:/Github/GhostMysteryFinalRepo/GhostMystery/Saved/Config/Windows/Engine.ini]
[2020.11.24-06.10.25:976][  0]LogConfig: Applying CVar settings from Section [ViewDistanceQuality@3] File [D:/Github/GhostMysteryFinalRepo/GhostMystery/Saved/Config/Windows/Scalability.ini]
[2020.11.24-06.10.25:977][  0]LogConfig: Setting CVar [[r.SkeletalMeshLODBias:0]]
[2020.11.24-06.10.25:977][  0]LogConfig: Setting CVar [[r.ViewDistanceScale:1.0]]
[2020.11.24-06.10.25:977][  0]LogConfig: Applying CVar settings from Section [AntiAliasingQuality@3] File [D:/Github/GhostMysteryFinalRepo/GhostMystery/Saved/Config/Windows/Scalability.ini]
[2020.11.24-06.10.25:977][  0]LogConfig: Setting CVar [[r.PostProcessAAQuality:4]]
[2020.11.24-06.10.25:977][  0]LogConfig: Applying CVar settings from Section [ShadowQuality@3] File [D:/Github/GhostMysteryFinalRepo/GhostMystery/Saved/Config/Windows/Scalability.ini]
[2020.11.24-06.10.25:977][  0]LogConfig: Setting CVar [[r.LightFunctionQuality:1]]
[2020.11.24-06.10.25:977][  0]LogConfig: Setting CVar [[r.ShadowQuality:5]]
[2020.11.24-06.10.25:977][  0]LogConfig: Setting CVar [[r.Shadow.CSM.MaxCascades:10]]
[2020.11.24-06.10.25:977][  0]LogConfig: Setting CVar [[r.Shadow.MaxResolution:2048]]
[2020.11.24-06.10.25:977][  0]LogConfig: Setting CVar [[r.Shadow.MaxCSMResolution:2048]]
[2020.11.24-06.10.25:977][  0]LogConfig: Setting CVar [[r.Shadow.RadiusThreshold:0.01]]
[2020.11.24-06.10.25:977][  0]LogConfig: Setting CVar [[r.Shadow.DistanceScale:1.0]]
[2020.11.24-06.10.25:977][  0]LogConfig: Setting CVar [[r.Shadow.CSM.TransitionScale:1.0]]
[2020.11.24-06.10.25:977][  0]LogConfig: Setting CVar [[r.Shadow.PreShadowResolutionFactor:1.0]]
[2020.11.24-06.10.25:977][  0]LogConfig: Setting CVar [[r.DistanceFieldShadowing:1]]
[2020.11.24-06.10.25:977][  0]LogConfig: Setting CVar [[r.DistanceFieldAO:1]]
[2020.11.24-06.10.25:977][  0]LogConfig: Setting CVar [[r.AOQuality:2]]
[2020.11.24-06.10.25:977][  0]LogConfig: Setting CVar [[r.VolumetricFog:1]]
[2020.11.24-06.10.25:977][  0]LogConfig: Setting CVar [[r.VolumetricFog.GridPixelSize:8]]
[2020.11.24-06.10.25:977][  0]LogConfig: Setting CVar [[r.VolumetricFog.GridSizeZ:128]]
[2020.11.24-06.10.25:977][  0]LogConfig: Setting CVar [[r.VolumetricFog.HistoryMissSupersampleCount:4]]
[2020.11.24-06.10.25:977][  0]LogConfig: Setting CVar [[r.LightMaxDrawDistanceScale:1]]
[2020.11.24-06.10.25:977][  0]LogConfig: Setting CVar [[r.CapsuleShadows:1]]
[2020.11.24-06.10.25:977][  0]LogConfig: Applying CVar settings from Section [PostProcessQuality@3] File [D:/Github/GhostMysteryFinalRepo/GhostMystery/Saved/Config/Windows/Scalability.ini]
[2020.11.24-06.10.25:977][  0]LogConfig: Setting CVar [[r.MotionBlurQuality:4]]
[2020.11.24-06.10.25:977][  0]LogConfig: Setting CVar [[r.AmbientOcclusionMipLevelFactor:0.4]]
[2020.11.24-06.10.25:977][  0]LogConfig: Setting CVar [[r.AmbientOcclusionMaxQuality:100]]
[2020.11.24-06.10.25:977][  0]LogConfig: Setting CVar [[r.AmbientOcclusionLevels:-1]]
[2020.11.24-06.10.25:977][  0]LogConfig: Setting CVar [[r.AmbientOcclusionRadiusScale:1.0]]
[2020.11.24-06.10.25:977][  0]LogConfig: Setting CVar [[r.DepthOfFieldQuality:2]]
[2020.11.24-06.10.25:977][  0]LogConfig: Setting CVar [[r.RenderTargetPoolMin:400]]
[2020.11.24-06.10.25:977][  0]LogConfig: Setting CVar [[r.LensFlareQuality:2]]
[2020.11.24-06.10.25:977][  0]LogConfig: Setting CVar [[r.SceneColorFringeQuality:1]]
[2020.11.24-06.10.25:977][  0]LogConfig: Setting CVar [[r.EyeAdaptationQuality:2]]
[2020.11.24-06.10.25:977][  0]LogConfig: Setting CVar [[r.BloomQuality:5]]
[2020.11.24-06.10.25:977][  0]LogConfig: Setting CVar [[r.FastBlurThreshold:100]]
[2020.11.24-06.10.25:977][  0]LogConfig: Setting CVar [[r.Upscale.Quality:3]]
[2020.11.24-06.10.25:977][  0]LogConfig: Setting CVar [[r.Tonemapper.GrainQuantization:1]]
[2020.11.24-06.10.25:977][  0]LogConfig: Setting CVar [[r.LightShaftQuality:1]]
[2020.11.24-06.10.25:977][  0]LogConfig: Setting CVar [[r.Filter.SizeScale:1]]
[2020.11.24-06.10.25:977][  0]LogConfig: Setting CVar [[r.Tonemapper.Quality:5]]
[2020.11.24-06.10.25:977][  0]LogConfig: Setting CVar [[r.DOF.Gather.AccumulatorQuality:1        ; higher gathering accumulator quality]]
[2020.11.24-06.10.25:977][  0]LogConfig: Setting CVar [[r.DOF.Gather.PostfilterMethod:1          ; Median3x3 postfilering method]]
[2020.11.24-06.10.25:977][  0]LogConfig: Setting CVar [[r.DOF.Gather.EnableBokehSettings:0       ; no bokeh simulation when gathering]]
[2020.11.24-06.10.25:977][  0]LogConfig: Setting CVar [[r.DOF.Gather.RingCount:4                 ; medium number of samples when gathering]]
[2020.11.24-06.10.25:977][  0]LogConfig: Setting CVar [[r.DOF.Scatter.ForegroundCompositing:1    ; additive foreground scattering]]
[2020.11.24-06.10.25:977][  0]LogConfig: Setting CVar [[r.DOF.Scatter.BackgroundCompositing:2    ; additive background scattering]]
[2020.11.24-06.10.25:977][  0]LogConfig: Setting CVar [[r.DOF.Scatter.EnableBokehSettings:1      ; bokeh simulation when scattering]]
[2020.11.24-06.10.25:977][  0]LogConfig: Setting CVar [[r.DOF.Scatter.MaxSpriteRatio:0.1         ; only a maximum of 10% of scattered bokeh]]
[2020.11.24-06.10.25:977][  0]LogConfig: Setting CVar [[r.DOF.Recombine.Quality:1                ; cheap slight out of focus]]
[2020.11.24-06.10.25:977][  0]LogConfig: Setting CVar [[r.DOF.Recombine.EnableBokehSettings:0    ; no bokeh simulation on slight out of focus]]
[2020.11.24-06.10.25:977][  0]LogConfig: Setting CVar [[r.DOF.TemporalAAQuality:1                ; more stable temporal accumulation]]
[2020.11.24-06.10.25:977][  0]LogConfig: Setting CVar [[r.DOF.Kernel.MaxForegroundRadius:0.025]]
[2020.11.24-06.10.25:977][  0]LogConfig: Setting CVar [[r.DOF.Kernel.MaxBackgroundRadius:0.025]]
[2020.11.24-06.10.25:977][  0]LogConfig: Applying CVar settings from Section [TextureQuality@3] File [D:/Github/GhostMysteryFinalRepo/GhostMystery/Saved/Config/Windows/Scalability.ini]
[2020.11.24-06.10.25:977][  0]LogConfig: Setting CVar [[r.Streaming.MipBias:0]]
[2020.11.24-06.10.25:977][  0]LogConfig: Setting CVar [[r.Streaming.AmortizeCPUToGPUCopy:0]]
[2020.11.24-06.10.25:977][  0]LogConfig: Setting CVar [[r.Streaming.MaxNumTexturesToStreamPerFrame:0]]
[2020.11.24-06.10.25:977][  0]LogConfig: Setting CVar [[r.Streaming.Boost:1]]
[2020.11.24-06.10.25:978][  0]LogConfig: Setting CVar [[r.MaxAnisotropy:8]]
[2020.11.24-06.10.25:978][  0]LogConfig: Setting CVar [[r.VT.MaxAnisotropy:8]]
[2020.11.24-06.10.25:978][  0]LogConfig: Setting CVar [[r.Streaming.LimitPoolSizeToVRAM:0]]
[2020.11.24-06.10.25:978][  0]LogConfig: Setting CVar [[r.Streaming.PoolSize:1000]]
[2020.11.24-06.10.25:978][  0]LogConfig: Setting CVar [[r.Streaming.MaxEffectiveScreenSize:0]]
[2020.11.24-06.10.25:978][  0]LogConfig: Applying CVar settings from Section [EffectsQuality@3] File [D:/Github/GhostMysteryFinalRepo/GhostMystery/Saved/Config/Windows/Scalability.ini]
[2020.11.24-06.10.25:978][  0]LogConfig: Setting CVar [[r.TranslucencyLightingVolumeDim:64]]
[2020.11.24-06.10.25:978][  0]LogConfig: Setting CVar [[r.RefractionQuality:2]]
[2020.11.24-06.10.25:978][  0]LogConfig: Setting CVar [[r.SSR.Quality:3]]
[2020.11.24-06.10.25:978][  0]LogConfig: Setting CVar [[r.SSR.HalfResSceneColor:0]]
[2020.11.24-06.10.25:978][  0]LogConfig: Setting CVar [[r.SceneColorFormat:4]]
[2020.11.24-06.10.25:978][  0]LogConfig: Setting CVar [[r.DetailMode:2]]
[2020.11.24-06.10.25:978][  0]LogConfig: Setting CVar [[r.TranslucencyVolumeBlur:1]]
[2020.11.24-06.10.25:978][  0]LogConfig: Setting CVar [[r.MaterialQualityLevel:1 ; High quality]]
[2020.11.24-06.10.25:978][  0]LogConfig: Setting CVar [[r.SSS.Scale:1]]
[2020.11.24-06.10.25:978][  0]LogConfig: Setting CVar [[r.SSS.SampleSet:2]]
[2020.11.24-06.10.25:978][  0]LogConfig: Setting CVar [[r.SSS.Quality:1]]
[2020.11.24-06.10.25:978][  0]LogConfig: Setting CVar [[r.SSS.HalfRes:0]]
[2020.11.24-06.10.25:978][  0]LogConfig: Setting CVar [[r.SSGI.Quality:3]]
[2020.11.24-06.10.25:978][  0]LogConfig: Setting CVar [[r.EmitterSpawnRateScale:1.0]]
[2020.11.24-06.10.25:978][  0]LogConfig: Setting CVar [[r.ParticleLightQuality:2]]
[2020.11.24-06.10.25:978][  0]LogConfig: Setting CVar [[r.SkyAtmosphere.AerialPerspectiveLUT.FastApplyOnOpaque:1 ; Always have FastSkyLUT 1 in this case to avoid wrong sky]]
[2020.11.24-06.10.25:978][  0]LogConfig: Setting CVar [[r.SkyAtmosphere.AerialPerspectiveLUT.SampleCountPerSlice:1]]
[2020.11.24-06.10.25:978][  0]LogConfig: Setting CVar [[r.SkyAtmosphere.AerialPerspectiveLUT.DepthResolution:16.0]]
[2020.11.24-06.10.25:978][  0]LogConfig: Setting CVar [[r.SkyAtmosphere.FastSkyLUT:1]]
[2020.11.24-06.10.25:978][  0]LogConfig: Setting CVar [[r.SkyAtmosphere.FastSkyLUT.SampleCountMin:4.0]]
[2020.11.24-06.10.25:978][  0]LogConfig: Setting CVar [[r.SkyAtmosphere.FastSkyLUT.SampleCountMax:32.0]]
[2020.11.24-06.10.25:978][  0]LogConfig: Setting CVar [[r.SkyAtmosphere.SampleCountMin:4.0]]
[2020.11.24-06.10.25:978][  0]LogConfig: Setting CVar [[r.SkyAtmosphere.SampleCountMax:32.0]]
[2020.11.24-06.10.25:978][  0]LogConfig: Setting CVar [[r.SkyAtmosphere.TransmittanceLUT.UseSmallFormat:0]]
[2020.11.24-06.10.25:978][  0]LogConfig: Setting CVar [[r.SkyAtmosphere.TransmittanceLUT.SampleCount:10.0]]
[2020.11.24-06.10.25:978][  0]LogConfig: Setting CVar [[r.SkyAtmosphere.MultiScatteringLUT.SampleCount:15.0]]
[2020.11.24-06.10.25:978][  0]LogConfig: Applying CVar settings from Section [FoliageQuality@3] File [D:/Github/GhostMysteryFinalRepo/GhostMystery/Saved/Config/Windows/Scalability.ini]
[2020.11.24-06.10.25:978][  0]LogConfig: Setting CVar [[foliage.DensityScale:1.0]]
[2020.11.24-06.10.25:978][  0]LogConfig: Setting CVar [[grass.DensityScale:1.0]]
[2020.11.24-06.10.25:978][  0]LogConfig: Applying CVar settings from Section [ShadingQuality@3] File [D:/Github/GhostMysteryFinalRepo/GhostMystery/Saved/Config/Windows/Scalability.ini]
[2020.11.24-06.10.25:978][  0]LogConfig: Setting CVar [[r.HairStrands.SkyLighting.SampleCount:16]]
[2020.11.24-06.10.25:978][  0]LogConfig: Setting CVar [[r.HairStrands.SkyLighting.JitterIntegration:0]]
[2020.11.24-06.10.25:978][  0]LogConfig: Setting CVar [[r.HairStrands.SkyAO.SampleCount:16]]
[2020.11.24-06.10.25:978][  0]LogConfig: Setting CVar [[r.HairStrands.DeepShadow.SuperSampling:0]]
[2020.11.24-06.10.25:978][  0]LogConfig: Setting CVar [[r.HairStrands.VisibilityPPLL:0]]
[2020.11.24-06.10.25:978][  0]LogConfig: Setting CVar [[r.HairStrands.RasterizationScale:0.5]]
[2020.11.24-06.10.25:978][  0]LogConfig: Setting CVar [[r.HairStrands.VelocityRasterizationScale:1]]
[2020.11.24-06.10.25:978][  0]LogInit: Selected Device Profile: [Windows]
[2020.11.24-06.10.25:978][  0]LogInit: Applying CVar settings loaded from the selected device profile: [Windows]
[2020.11.24-06.10.25:978][  0]LogHAL: Display: Platform has ~ 16 GB [17124491264 / 17179869184 / 16], which maps to Larger [LargestMinGB=32, LargerMinGB=12, DefaultMinGB=8, SmallerMinGB=6, SmallestMinGB=0)
[2020.11.24-06.10.25:978][  0]LogInit: Going up to parent DeviceProfile []
[2020.11.24-06.10.25:978][  0]LogConfig: Applying CVar settings from Section [ViewDistanceQuality@3] File [D:/Github/GhostMysteryFinalRepo/GhostMystery/Saved/Config/Windows/Scalability.ini]
[2020.11.24-06.10.25:978][  0]LogConfig: Setting CVar [[r.SkeletalMeshLODBias:0]]
[2020.11.24-06.10.25:978][  0]LogConfig: Setting CVar [[r.ViewDistanceScale:1.0]]
[2020.11.24-06.10.25:978][  0]LogConfig: Applying CVar settings from Section [AntiAliasingQuality@3] File [D:/Github/GhostMysteryFinalRepo/GhostMystery/Saved/Config/Windows/Scalability.ini]
[2020.11.24-06.10.25:978][  0]LogConfig: Setting CVar [[r.PostProcessAAQuality:4]]
[2020.11.24-06.10.25:978][  0]LogConfig: Applying CVar settings from Section [ShadowQuality@3] File [D:/Github/GhostMysteryFinalRepo/GhostMystery/Saved/Config/Windows/Scalability.ini]
[2020.11.24-06.10.25:978][  0]LogConfig: Setting CVar [[r.LightFunctionQuality:1]]
[2020.11.24-06.10.25:978][  0]LogConfig: Setting CVar [[r.ShadowQuality:5]]
[2020.11.24-06.10.25:978][  0]LogConfig: Setting CVar [[r.Shadow.CSM.MaxCascades:10]]
[2020.11.24-06.10.25:978][  0]LogConfig: Setting CVar [[r.Shadow.MaxResolution:2048]]
[2020.11.24-06.10.25:978][  0]LogConfig: Setting CVar [[r.Shadow.MaxCSMResolution:2048]]
[2020.11.24-06.10.25:979][  0]LogConfig: Setting CVar [[r.Shadow.RadiusThreshold:0.01]]
[2020.11.24-06.10.25:979][  0]LogConfig: Setting CVar [[r.Shadow.DistanceScale:1.0]]
[2020.11.24-06.10.25:979][  0]LogConfig: Setting CVar [[r.Shadow.CSM.TransitionScale:1.0]]
[2020.11.24-06.10.25:979][  0]LogConfig: Setting CVar [[r.Shadow.PreShadowResolutionFactor:1.0]]
[2020.11.24-06.10.25:979][  0]LogConfig: Setting CVar [[r.DistanceFieldShadowing:1]]
[2020.11.24-06.10.25:979][  0]LogConfig: Setting CVar [[r.DistanceFieldAO:1]]
[2020.11.24-06.10.25:979][  0]LogConfig: Setting CVar [[r.AOQuality:2]]
[2020.11.24-06.10.25:979][  0]LogConfig: Setting CVar [[r.VolumetricFog:1]]
[2020.11.24-06.10.25:979][  0]LogConfig: Setting CVar [[r.VolumetricFog.GridPixelSize:8]]
[2020.11.24-06.10.25:979][  0]LogConfig: Setting CVar [[r.VolumetricFog.GridSizeZ:128]]
[2020.11.24-06.10.25:979][  0]LogConfig: Setting CVar [[r.VolumetricFog.HistoryMissSupersampleCount:4]]
[2020.11.24-06.10.25:979][  0]LogConfig: Setting CVar [[r.LightMaxDrawDistanceScale:1]]
[2020.11.24-06.10.25:979][  0]LogConfig: Setting CVar [[r.CapsuleShadows:1]]
[2020.11.24-06.10.25:979][  0]LogConfig: Applying CVar settings from Section [PostProcessQuality@3] File [D:/Github/GhostMysteryFinalRepo/GhostMystery/Saved/Config/Windows/Scalability.ini]
[2020.11.24-06.10.25:979][  0]LogConfig: Setting CVar [[r.MotionBlurQuality:4]]
[2020.11.24-06.10.25:979][  0]LogConfig: Setting CVar [[r.AmbientOcclusionMipLevelFactor:0.4]]
[2020.11.24-06.10.25:979][  0]LogConfig: Setting CVar [[r.AmbientOcclusionMaxQuality:100]]
[2020.11.24-06.10.25:979][  0]LogConfig: Setting CVar [[r.AmbientOcclusionLevels:-1]]
[2020.11.24-06.10.25:979][  0]LogConfig: Setting CVar [[r.AmbientOcclusionRadiusScale:1.0]]
[2020.11.24-06.10.25:979][  0]LogConfig: Setting CVar [[r.DepthOfFieldQuality:2]]
[2020.11.24-06.10.25:979][  0]LogConfig: Setting CVar [[r.RenderTargetPoolMin:400]]
[2020.11.24-06.10.25:979][  0]LogConfig: Setting CVar [[r.LensFlareQuality:2]]
[2020.11.24-06.10.25:979][  0]LogConfig: Setting CVar [[r.SceneColorFringeQuality:1]]
[2020.11.24-06.10.25:979][  0]LogConfig: Setting CVar [[r.EyeAdaptationQuality:2]]
[2020.11.24-06.10.25:979][  0]LogConfig: Setting CVar [[r.BloomQuality:5]]
[2020.11.24-06.10.25:979][  0]LogConfig: Setting CVar [[r.FastBlurThreshold:100]]
[2020.11.24-06.10.25:979][  0]LogConfig: Setting CVar [[r.Upscale.Quality:3]]
[2020.11.24-06.10.25:979][  0]LogConfig: Setting CVar [[r.Tonemapper.GrainQuantization:1]]
[2020.11.24-06.10.25:979][  0]LogConfig: Setting CVar [[r.LightShaftQuality:1]]
[2020.11.24-06.10.25:979][  0]LogConfig: Setting CVar [[r.Filter.SizeScale:1]]
[2020.11.24-06.10.25:979][  0]LogConfig: Setting CVar [[r.Tonemapper.Quality:5]]
[2020.11.24-06.10.25:979][  0]LogConfig: Setting CVar [[r.DOF.Gather.AccumulatorQuality:1        ; higher gathering accumulator quality]]
[2020.11.24-06.10.25:979][  0]LogConfig: Setting CVar [[r.DOF.Gather.PostfilterMethod:1          ; Median3x3 postfilering method]]
[2020.11.24-06.10.25:979][  0]LogConfig: Setting CVar [[r.DOF.Gather.EnableBokehSettings:0       ; no bokeh simulation when gathering]]
[2020.11.24-06.10.25:979][  0]LogConfig: Setting CVar [[r.DOF.Gather.RingCount:4                 ; medium number of samples when gathering]]
[2020.11.24-06.10.25:979][  0]LogConfig: Setting CVar [[r.DOF.Scatter.ForegroundCompositing:1    ; additive foreground scattering]]
[2020.11.24-06.10.25:979][  0]LogConfig: Setting CVar [[r.DOF.Scatter.BackgroundCompositing:2    ; additive background scattering]]
[2020.11.24-06.10.25:979][  0]LogConfig: Setting CVar [[r.DOF.Scatter.EnableBokehSettings:1      ; bokeh simulation when scattering]]
[2020.11.24-06.10.25:979][  0]LogConfig: Setting CVar [[r.DOF.Scatter.MaxSpriteRatio:0.1         ; only a maximum of 10% of scattered bokeh]]
[2020.11.24-06.10.25:979][  0]LogConfig: Setting CVar [[r.DOF.Recombine.Quality:1                ; cheap slight out of focus]]
[2020.11.24-06.10.25:979][  0]LogConfig: Setting CVar [[r.DOF.Recombine.EnableBokehSettings:0    ; no bokeh simulation on slight out of focus]]
[2020.11.24-06.10.25:979][  0]LogConfig: Setting CVar [[r.DOF.TemporalAAQuality:1                ; more stable temporal accumulation]]
[2020.11.24-06.10.25:979][  0]LogConfig: Setting CVar [[r.DOF.Kernel.MaxForegroundRadius:0.025]]
[2020.11.24-06.10.25:979][  0]LogConfig: Setting CVar [[r.DOF.Kernel.MaxBackgroundRadius:0.025]]
[2020.11.24-06.10.25:979][  0]LogConfig: Applying CVar settings from Section [TextureQuality@3] File [D:/Github/GhostMysteryFinalRepo/GhostMystery/Saved/Config/Windows/Scalability.ini]
[2020.11.24-06.10.25:979][  0]LogConfig: Setting CVar [[r.Streaming.MipBias:0]]
[2020.11.24-06.10.25:979][  0]LogConfig: Setting CVar [[r.Streaming.AmortizeCPUToGPUCopy:0]]
[2020.11.24-06.10.25:979][  0]LogConfig: Setting CVar [[r.Streaming.MaxNumTexturesToStreamPerFrame:0]]
[2020.11.24-06.10.25:979][  0]LogConfig: Setting CVar [[r.Streaming.Boost:1]]
[2020.11.24-06.10.25:979][  0]LogConfig: Setting CVar [[r.MaxAnisotropy:8]]
[2020.11.24-06.10.25:979][  0]LogConfig: Setting CVar [[r.VT.MaxAnisotropy:8]]
[2020.11.24-06.10.25:979][  0]LogConfig: Setting CVar [[r.Streaming.LimitPoolSizeToVRAM:0]]
[2020.11.24-06.10.25:979][  0]LogConfig: Setting CVar [[r.Streaming.PoolSize:1000]]
[2020.11.24-06.10.25:979][  0]LogConfig: Setting CVar [[r.Streaming.MaxEffectiveScreenSize:0]]
[2020.11.24-06.10.25:979][  0]LogConfig: Applying CVar settings from Section [EffectsQuality@3] File [D:/Github/GhostMysteryFinalRepo/GhostMystery/Saved/Config/Windows/Scalability.ini]
[2020.11.24-06.10.25:979][  0]LogConfig: Setting CVar [[r.TranslucencyLightingVolumeDim:64]]
[2020.11.24-06.10.25:979][  0]LogConfig: Setting CVar [[r.RefractionQuality:2]]
[2020.11.24-06.10.25:979][  0]LogConfig: Setting CVar [[r.SSR.Quality:3]]
[2020.11.24-06.10.25:979][  0]LogConfig: Setting CVar [[r.SSR.HalfResSceneColor:0]]
[2020.11.24-06.10.25:979][  0]LogConfig: Setting CVar [[r.SceneColorFormat:4]]
[2020.11.24-06.10.25:979][  0]LogConfig: Setting CVar [[r.DetailMode:2]]
[2020.11.24-06.10.25:979][  0]LogConfig: Setting CVar [[r.TranslucencyVolumeBlur:1]]
[2020.11.24-06.10.25:979][  0]LogConfig: Setting CVar [[r.MaterialQualityLevel:1 ; High quality]]
[2020.11.24-06.10.25:979][  0]LogConfig: Setting CVar [[r.SSS.Scale:1]]
[2020.11.24-06.10.25:979][  0]LogConfig: Setting CVar [[r.SSS.SampleSet:2]]
[2020.11.24-06.10.25:979][  0]LogConfig: Setting CVar [[r.SSS.Quality:1]]
[2020.11.24-06.10.25:979][  0]LogConfig: Setting CVar [[r.SSS.HalfRes:0]]
[2020.11.24-06.10.25:979][  0]LogConfig: Setting CVar [[r.SSGI.Quality:3]]
[2020.11.24-06.10.25:979][  0]LogConfig: Setting CVar [[r.EmitterSpawnRateScale:1.0]]
[2020.11.24-06.10.25:980][  0]LogConfig: Setting CVar [[r.ParticleLightQuality:2]]
[2020.11.24-06.10.25:980][  0]LogConfig: Setting CVar [[r.SkyAtmosphere.AerialPerspectiveLUT.FastApplyOnOpaque:1 ; Always have FastSkyLUT 1 in this case to avoid wrong sky]]
[2020.11.24-06.10.25:980][  0]LogConfig: Setting CVar [[r.SkyAtmosphere.AerialPerspectiveLUT.SampleCountPerSlice:1]]
[2020.11.24-06.10.25:980][  0]LogConfig: Setting CVar [[r.SkyAtmosphere.AerialPerspectiveLUT.DepthResolution:16.0]]
[2020.11.24-06.10.25:980][  0]LogConfig: Setting CVar [[r.SkyAtmosphere.FastSkyLUT:1]]
[2020.11.24-06.10.25:980][  0]LogConfig: Setting CVar [[r.SkyAtmosphere.FastSkyLUT.SampleCountMin:4.0]]
[2020.11.24-06.10.25:980][  0]LogConfig: Setting CVar [[r.SkyAtmosphere.FastSkyLUT.SampleCountMax:32.0]]
[2020.11.24-06.10.25:980][  0]LogConfig: Setting CVar [[r.SkyAtmosphere.SampleCountMin:4.0]]
[2020.11.24-06.10.25:980][  0]LogConfig: Setting CVar [[r.SkyAtmosphere.SampleCountMax:32.0]]
[2020.11.24-06.10.25:980][  0]LogConfig: Setting CVar [[r.SkyAtmosphere.TransmittanceLUT.UseSmallFormat:0]]
[2020.11.24-06.10.25:980][  0]LogConfig: Setting CVar [[r.SkyAtmosphere.TransmittanceLUT.SampleCount:10.0]]
[2020.11.24-06.10.25:980][  0]LogConfig: Setting CVar [[r.SkyAtmosphere.MultiScatteringLUT.SampleCount:15.0]]
[2020.11.24-06.10.25:980][  0]LogConfig: Applying CVar settings from Section [FoliageQuality@3] File [D:/Github/GhostMysteryFinalRepo/GhostMystery/Saved/Config/Windows/Scalability.ini]
[2020.11.24-06.10.25:980][  0]LogConfig: Setting CVar [[foliage.DensityScale:1.0]]
[2020.11.24-06.10.25:980][  0]LogConfig: Setting CVar [[grass.DensityScale:1.0]]
[2020.11.24-06.10.25:980][  0]LogConfig: Applying CVar settings from Section [ShadingQuality@3] File [D:/Github/GhostMysteryFinalRepo/GhostMystery/Saved/Config/Windows/Scalability.ini]
[2020.11.24-06.10.25:980][  0]LogConfig: Setting CVar [[r.HairStrands.SkyLighting.SampleCount:16]]
[2020.11.24-06.10.25:980][  0]LogConfig: Setting CVar [[r.HairStrands.SkyLighting.JitterIntegration:0]]
[2020.11.24-06.10.25:980][  0]LogConfig: Setting CVar [[r.HairStrands.SkyAO.SampleCount:16]]
[2020.11.24-06.10.25:980][  0]LogConfig: Setting CVar [[r.HairStrands.DeepShadow.SuperSampling:0]]
[2020.11.24-06.10.25:980][  0]LogConfig: Setting CVar [[r.HairStrands.VisibilityPPLL:0]]
[2020.11.24-06.10.25:980][  0]LogConfig: Setting CVar [[r.HairStrands.RasterizationScale:0.5]]
[2020.11.24-06.10.25:980][  0]LogConfig: Setting CVar [[r.HairStrands.VelocityRasterizationScale:1]]
[2020.11.24-06.10.25:980][  0]LogConfig: Applying CVar settings from Section [Startup] File [../../../Engine/Config/ConsoleVariables.ini]
[2020.11.24-06.10.25:980][  0]LogConfig: Setting CVar [[net.UseAdaptiveNetUpdateFrequency:0]]
[2020.11.24-06.10.25:980][  0]LogConfig: Setting CVar [[p.chaos.AllowCreatePhysxBodies:1]]
[2020.11.24-06.10.25:980][  0]LogConfig: Setting CVar [[fx.SkipVectorVMBackendOptimizations:1]]
[2020.11.24-06.10.25:980][  0]LogConfig: Applying CVar settings from Section [ConsoleVariables] File [D:/Github/GhostMysteryFinalRepo/GhostMystery/Saved/Config/Windows/Engine.ini]
[2020.11.24-06.10.25:980][  0]LogInit: Computer: DESKTOP-M4V92M0
[2020.11.24-06.10.25:980][  0]LogInit: User: 16035
[2020.11.24-06.10.25:980][  0]LogInit: CPU Page size=4096, Cores=6
[2020.11.24-06.10.25:980][  0]LogInit: High frequency timer resolution =10.000000 MHz
[2020.11.24-06.10.25:981][  0]LogMemory: Memory total: Physical=15.9GB (16GB approx)
[2020.11.24-06.10.25:981][  0]LogMemory: Platform Memory Stats for Windows
[2020.11.24-06.10.25:981][  0]LogMemory: Process Physical Memory: 113.68 MB used, 113.68 MB peak
[2020.11.24-06.10.25:981][  0]LogMemory: Process Virtual Memory: 97.36 MB used, 97.36 MB peak
[2020.11.24-06.10.25:981][  0]LogMemory: Physical Memory: 12132.36 MB used,  4198.83 MB free, 16331.19 MB total
[2020.11.24-06.10.25:981][  0]LogMemory: Virtual Memory: 5164.89 MB used,  134212560.00 MB free, 134217728.00 MB total
[2020.11.24-06.10.25:988][  0]LogWindows: WindowsPlatformFeatures enabled
[2020.11.24-06.10.26:037][  0]LogInit: Physics initialised using underlying interface: PhysX
[2020.11.24-06.10.26:039][  0]LogInit: Using OS detected language (en-US).
[2020.11.24-06.10.26:039][  0]LogInit: Using OS detected locale (en-US).
[2020.11.24-06.10.26:042][  0]LogTextLocalizationManager: No specific localization for 'en-US' exists, so the 'en' localization will be used.
[2020.11.24-06.10.26:265][  0]LogInit: Setting process to per monitor DPI aware
[2020.11.24-06.10.26:298][  0]LogSlate: New Slate User Created.  User Index 0, Is Virtual User: 0
[2020.11.24-06.10.26:298][  0]LogSlate: Slate User Registered.  User Index 0, Is Virtual User: 0
[2020.11.24-06.10.26:550][  0]LogHMD: Failed to initialize OpenVR with code 110
[2020.11.24-06.10.26:550][  0]LogD3D11RHI: D3D11 min allowed feature level: 11_0
[2020.11.24-06.10.26:550][  0]LogD3D11RHI: D3D11 max allowed feature level: 11_0
[2020.11.24-06.10.26:550][  0]LogD3D11RHI: D3D11 adapters:
[2020.11.24-06.10.26:646][  0]LogD3D11RHI:    0. 'NVIDIA GeForce GTX 1660 Ti' (Feature Level 11_0)
[2020.11.24-06.10.26:646][  0]LogD3D11RHI:       5991/0/8165 MB DedicatedVideo/DedicatedSystem/SharedSystem, Outputs:1, VendorId:0x10de
[2020.11.24-06.10.26:649][  0]LogD3D11RHI:    1. 'Microsoft Basic Render Driver' (Feature Level 11_0)
[2020.11.24-06.10.26:649][  0]LogD3D11RHI:       0/0/8165 MB DedicatedVideo/DedicatedSystem/SharedSystem, Outputs:0, VendorId:0x1414
[2020.11.24-06.10.26:649][  0]LogD3D11RHI: Chosen D3D11 Adapter: 0
[2020.11.24-06.10.26:665][  0]LogD3D11RHI: Creating new Direct3DDevice
[2020.11.24-06.10.26:665][  0]LogD3D11RHI:     GPU DeviceId: 0x2182 (for the marketing name, search the web for "GPU Device Id")
[2020.11.24-06.10.26:665][  0]LogWindows: EnumDisplayDevices:
[2020.11.24-06.10.26:665][  0]LogWindows:    0. 'NVIDIA GeForce GTX 1660 Ti' (P:1 D:1)
[2020.11.24-06.10.26:666][  0]LogWindows:    1. 'NVIDIA GeForce GTX 1660 Ti' (P:0 D:0)
[2020.11.24-06.10.26:666][  0]LogWindows:    2. 'NVIDIA GeForce GTX 1660 Ti' (P:0 D:0)
[2020.11.24-06.10.26:666][  0]LogWindows:    3. 'NVIDIA GeForce GTX 1660 Ti' (P:0 D:0)
[2020.11.24-06.10.26:666][  0]LogWindows: DebugString: FoundDriverCount:4 
[2020.11.24-06.10.26:666][  0]LogD3D11RHI:     Adapter Name: NVIDIA GeForce GTX 1660 Ti
[2020.11.24-06.10.26:666][  0]LogD3D11RHI:   Driver Version: 452.06 (internal:27.21.14.5206, unified:452.06)
[2020.11.24-06.10.26:666][  0]LogD3D11RHI:      Driver Date: 8-12-2020
[2020.11.24-06.10.26:666][  0]LogRHI: Texture pool is 4193 MB (70% of 5991 MB)
[2020.11.24-06.10.26:735][  0]LogD3D11RHI: RHI has support for 64 bit atomics
[2020.11.24-06.10.26:737][  0]LogD3D11RHI: [Aftermath] Enabled and primed
[2020.11.24-06.10.26:737][  0]LogD3D11RHI: Async texture creation enabled
[2020.11.24-06.10.26:737][  0]LogD3D11RHI: Array index from any shader is supported
[2020.11.24-06.10.26:760][  0]LogD3D11RHI: GPU Timing Frequency: 1000.000000 (Debug: 2 1)
[2020.11.24-06.10.27:105][  0]LogTargetPlatformManager: Display: Loaded TargetPlatform 'AllDesktop'
[2020.11.24-06.10.27:130][  0]LogTargetPlatformManager: Display: Loaded TargetPlatform 'Android'
[2020.11.24-06.10.27:130][  0]LogTargetPlatformManager: Display: Loaded TargetPlatform 'Android_ASTC'
[2020.11.24-06.10.27:130][  0]LogTargetPlatformManager: Display: Loaded TargetPlatform 'Android_DXT'
[2020.11.24-06.10.27:130][  0]LogTargetPlatformManager: Display: Loaded TargetPlatform 'Android_ETC2'
[2020.11.24-06.10.27:130][  0]LogTargetPlatformManager: Display: Loaded TargetPlatform 'AndroidClient'
[2020.11.24-06.10.27:130][  0]LogTargetPlatformManager: Display: Loaded TargetPlatform 'Android_ASTCClient'
[2020.11.24-06.10.27:130][  0]LogTargetPlatformManager: Display: Loaded TargetPlatform 'Android_DXTClient'
[2020.11.24-06.10.27:130][  0]LogTargetPlatformManager: Display: Loaded TargetPlatform 'Android_ETC2Client'
[2020.11.24-06.10.27:130][  0]LogTargetPlatformManager: Display: Loaded TargetPlatform 'Android_Multi'
[2020.11.24-06.10.27:130][  0]LogTargetPlatformManager: Display: Loaded TargetPlatform 'Android_MultiClient'
[2020.11.24-06.10.27:160][  0]LogTargetPlatformManager: Display: Loaded TargetPlatform 'IOSClient'
[2020.11.24-06.10.27:160][  0]LogTargetPlatformManager: Display: Loaded TargetPlatform 'IOS'
[2020.11.24-06.10.27:172][  0]LogTargetPlatformManager: Display: Loaded TargetPlatform 'Linux'
[2020.11.24-06.10.27:183][  0]LogTargetPlatformManager: Display: Loaded TargetPlatform 'LinuxNoEditor'
[2020.11.24-06.10.27:194][  0]LogTargetPlatformManager: Display: Loaded TargetPlatform 'LinuxClient'
[2020.11.24-06.10.27:205][  0]LogTargetPlatformManager: Display: Loaded TargetPlatform 'LinuxServer'
[2020.11.24-06.10.27:218][  0]LogTargetPlatformManager: Display: Loaded TargetPlatform 'LinuxAArch64NoEditor'
[2020.11.24-06.10.27:228][  0]LogTargetPlatformManager: Display: Loaded TargetPlatform 'LinuxAArch64Client'
[2020.11.24-06.10.27:239][  0]LogTargetPlatformManager: Display: Loaded TargetPlatform 'LinuxAArch64Server'
[2020.11.24-06.10.27:271][  0]LogTargetPlatformManager: Display: Loaded TargetPlatform 'Lumin'
[2020.11.24-06.10.27:271][  0]LogTargetPlatformManager: Display: Loaded TargetPlatform 'LuminClient'
[2020.11.24-06.10.27:289][  0]LogTargetPlatformManager: Display: Loaded TargetPlatform 'TVOSClient'
[2020.11.24-06.10.27:289][  0]LogTargetPlatformManager: Display: Loaded TargetPlatform 'TVOS'
[2020.11.24-06.10.27:300][  0]LogTargetPlatformManager: Display: Loaded TargetPlatform 'WindowsNoEditor'
[2020.11.24-06.10.27:313][  0]LogTargetPlatformManager: Display: Loaded TargetPlatform 'Windows'
[2020.11.24-06.10.27:324][  0]LogTargetPlatformManager: Display: Loaded TargetPlatform 'WindowsClient'
[2020.11.24-06.10.27:335][  0]LogTargetPlatformManager: Display: Loaded TargetPlatform 'WindowsServer'
[2020.11.24-06.10.27:336][  0]LogTargetPlatformManager: Display: Building Assets For Windows
[2020.11.24-06.10.27:347][  0]LogAudioDebug: Display: Lib vorbis DLL was dynamically loaded.
[2020.11.24-06.10.27:422][  0]LogShaderCompilers: Guid format shader working directory is -11 characters bigger than the processId version (../../../../../Github/GhostMysteryFinalRepo/GhostMystery/Intermediate/Shaders/WorkingDirectory/24872/).
[2020.11.24-06.10.27:422][  0]LogShaderCompilers: Cleaned the shader compiler working directory 'C:/Users/16035/AppData/Local/Temp/UnrealShaderWorkingDir/B3B5487F494D5135CE9E739104D8EA79/'.
[2020.11.24-06.10.27:422][  0]LogXGEController: Cannot use XGE Controller as Incredibuild is not installed on this machine.
[2020.11.24-06.10.27:422][  0]LogShaderCompilers: Cannot use XGE Shader Compiler as Incredibuild is not installed on this machine.
[2020.11.24-06.10.27:422][  0]LogShaderCompilers: Display: Using Local Shader Compiler.
[2020.11.24-06.10.28:288][  0]LogDerivedDataCache: Display: Max Cache Size: 512 MB
[2020.11.24-06.10.28:338][  0]LogDerivedDataCache: Loaded boot cache 0.05s 75MB C:/Users/16035/AppData/Local/UnrealEngine/4.25/DerivedDataCache/Boot.ddc.
[2020.11.24-06.10.28:338][  0]LogDerivedDataCache: Display: Loaded Boot cache: C:/Users/16035/AppData/Local/UnrealEngine/4.25/DerivedDataCache/Boot.ddc
[2020.11.24-06.10.28:338][  0]LogDerivedDataCache: FDerivedDataBackendGraph:  Pak pak cache file ../../../../../Github/GhostMysteryFinalRepo/GhostMystery/DerivedDataCache/DDC.ddp not found, will not use a pak cache.
[2020.11.24-06.10.28:338][  0]LogDerivedDataCache: Unable to find inner node Pak for hierarchical cache Hierarchy.
[2020.11.24-06.10.28:338][  0]LogDerivedDataCache: FDerivedDataBackendGraph:  CompressedPak pak cache file ../../../../../Github/GhostMysteryFinalRepo/GhostMystery/DerivedDataCache/Compressed.ddp not found, will not use a pak cache.
[2020.11.24-06.10.28:338][  0]LogDerivedDataCache: Unable to find inner node CompressedPak for hierarchical cache Hierarchy.
[2020.11.24-06.10.28:351][  0]LogDerivedDataCache: Display: Pak cache opened for reading ../../../Engine/DerivedDataCache/Compressed.ddp.
[2020.11.24-06.10.28:351][  0]LogDerivedDataCache: FDerivedDataBackendGraph:  EnterprisePak pak cache file ../../../Enterprise/DerivedDataCache/Compressed.ddp not found, will not use a pak cache.
[2020.11.24-06.10.28:351][  0]LogDerivedDataCache: Unable to find inner node EnterprisePak for hierarchical cache Hierarchy.
[2020.11.24-06.10.28:353][  0]LogDerivedDataCache: Using Local data cache path C:/Users/16035/AppData/Local/UnrealEngine/Common/DerivedDataCache: Writable
[2020.11.24-06.10.28:353][  0]LogDerivedDataCache: Shared data cache path not found in *engine.ini, will not use an Shared cache.
[2020.11.24-06.10.28:353][  0]LogDerivedDataCache: Unable to find inner node Shared for hierarchical cache Hierarchy.
[2020.11.24-06.10.28:408][  0]LogSlate: Using FreeType 2.10.0
[2020.11.24-06.10.28:408][  0]LogSlate: SlateFontServices - WITH_FREETYPE: 1, WITH_HARFBUZZ: 1
[2020.11.24-06.10.28:434][  0]LogAssetRegistry: FAssetRegistry took 0.0027 seconds to start up
[2020.11.24-06.10.28:714][  0]LogInit: Selected Device Profile: [Windows]
[2020.11.24-06.10.28:840][  0]LogMeshReduction: Using QuadricMeshReduction for automatic static mesh reduction
[2020.11.24-06.10.28:840][  0]LogMeshReduction: Using SimplygonMeshReduction for automatic skeletal mesh reduction
[2020.11.24-06.10.28:840][  0]LogMeshReduction: Using ProxyLODMeshReduction for automatic mesh merging
[2020.11.24-06.10.28:840][  0]LogMeshReduction: No distributed automatic mesh merging module available
[2020.11.24-06.10.28:840][  0]LogMeshMerging: No distributed automatic mesh merging module available
[2020.11.24-06.10.28:857][  0]LogNetVersion: GhostMystery 1.0.0, NetCL: 13144385, EngineNetVer: 14, GameNetVer: 0 (Checksum: 2531008457)
[2020.11.24-06.10.29:328][  0]LogAISub: UAISubsystem::UAISubsystem AISubsystem (00000288D12482C0), frame # 0
[2020.11.24-06.10.29:328][  0]LogAISub: UAISubsystem::UAISubsystem AIPerceptionSystem (00000288D11B8400), frame # 0
[2020.11.24-06.10.29:330][  0]LogAISub: UAISubsystem::UAISubsystem EnvQueryManager (00000288D11CE000), frame # 0
[2020.11.24-06.10.29:399][  0]LogPackageLocalizationCache: Processed 19 localized package path(s) for 1 prioritized culture(s) in 0.061590 seconds
[2020.11.24-06.10.29:404][  0]LogUObjectArray: 15917 objects as part of root set at end of initial load.
[2020.11.24-06.10.29:404][  0]LogUObjectAllocator: 3965568 out of 0 bytes used by permanent object pool.
[2020.11.24-06.10.29:404][  0]LogUObjectArray: CloseDisregardForGC: 0/0 objects in disregard for GC pool
[2020.11.24-06.10.29:833][  0]LogTcpMessaging: Initializing TcpMessaging bridge
[2020.11.24-06.10.29:885][  0]LogUdpMessaging: Initializing bridge on interface 0.0.0.0:0 to multicast group 230.0.0.1:6666.
[2020.11.24-06.10.30:049][  0]SourceControl: Source control is disabled
[2020.11.24-06.10.30:049][  0]SourceControl: Source control is disabled
[2020.11.24-06.10.30:053][  0]SourceControl: Source control is disabled
[2020.11.24-06.10.30:057][  0]SourceControl: Source control is disabled
[2020.11.24-06.10.30:065][  0]SourceControl: Source control is disabled
[2020.11.24-06.10.30:371][  0]LogAndroidPermission: UAndroidPermissionCallbackProxy::GetInstance
[2020.11.24-06.10.30:399][  0]LogAudioCaptureCore: Display: No Audio Capture implementations found. Audio input will be silent.
[2020.11.24-06.10.30:400][  0]LogAudioCaptureCore: Display: No Audio Capture implementations found. Audio input will be silent.
[2020.11.24-06.10.30:463][  0]LogOcInput: OculusInput pre-init called
[2020.11.24-06.10.30:475][  0]LogWindows: Failed to load 'OVRPlugin.dll' (GetLastError=126)
[2020.11.24-06.10.30:475][  0]LogWindows: File 'OVRPlugin.dll' does not exist
[2020.11.24-06.10.30:558][  0]LogEngine: Initializing Engine...
[2020.11.24-06.10.30:560][  0]LogHMD: Failed to initialize OpenVR with code 110
[2020.11.24-06.10.30:560][  0]LogMagicLeap: Warning: VR disabled because ZI is not enabled.  To enable, in the editor, Edit -> Project Settings -> Plugins -> Magic Leap Plugin -> Enable Zero Iteration
[2020.11.24-06.10.30:561][  0]LogStats: UGameplayTagsManager::InitializeManager -  0.000 s
[2020.11.24-06.10.30:702][  0]LogInit: Initializing FReadOnlyCVARCache
[2020.11.24-06.10.30:712][  0]LogAIModule: Creating AISystem for world Untitled
[2020.11.24-06.10.30:712][  0]LogAISub: UAISubsystem::UAISubsystem EnvQueryManager (00000288D3084800), frame # 0
[2020.11.24-06.10.30:712][  0]LogAISub: UAISubsystem::UAISubsystem AIPerceptionSystem (00000288D309CB80), frame # 0
[2020.11.24-06.10.30:728][  0]LogAudioMixer: Display: Audio Mixer Platform Settings:
[2020.11.24-06.10.30:728][  0]LogAudioMixer: Display: 	Sample Rate:						  48000
[2020.11.24-06.10.30:728][  0]LogAudioMixer: Display: 	Callback Buffer Frame Size Requested: 1024
[2020.11.24-06.10.30:728][  0]LogAudioMixer: Display: 	Callback Buffer Frame Size To Use:	  1024
[2020.11.24-06.10.30:728][  0]LogAudioMixer: Display: 	Number of buffers to queue:			  2
[2020.11.24-06.10.30:728][  0]LogAudioMixer: Display: 	Max Channels (voices):				  32
[2020.11.24-06.10.30:728][  0]LogAudioMixer: Display: 	Number of Async Source Workers:		  0
[2020.11.24-06.10.30:728][  0]LogAudio: Display: AudioDevice MaxSources: 32
[2020.11.24-06.10.30:728][  0]LogAudio: Display: Using built-in audio occlusion.
[2020.11.24-06.10.30:728][  0]LogAudioMixer: Display: Initializing audio mixer.
[2020.11.24-06.10.30:744][  0]LogAudioMixer: Display: 0: FrontLeft
[2020.11.24-06.10.30:744][  0]LogAudioMixer: Display: 1: FrontRight
[2020.11.24-06.10.30:744][  0]LogAudioMixer: Display: 2: FrontCenter
[2020.11.24-06.10.30:744][  0]LogAudioMixer: Display: 3: LowFrequency
[2020.11.24-06.10.30:744][  0]LogAudioMixer: Display: 4: BackLeft
[2020.11.24-06.10.30:744][  0]LogAudioMixer: Display: 5: BackRight
[2020.11.24-06.10.30:744][  0]LogAudioMixer: Display: 6: SideLeft
[2020.11.24-06.10.30:744][  0]LogAudioMixer: Display: 7: SideRight
[2020.11.24-06.10.30:795][  0]LogAudioMixer: Display: Using Audio Device Speakers (G935 Gaming Headset)
[2020.11.24-06.10.30:799][  0]LogAudioMixer: Display: Initializing Sound Submixes...
[2020.11.24-06.10.30:802][  0]LogAudioMixer: Display: Creating Master Submix 'MasterSubmixDefault'
[2020.11.24-06.10.30:802][  0]LogAudioMixer: Display: Creating Master Submix 'MasterReverbSubmixDefault'
[2020.11.24-06.10.30:804][  0]LogAudioMixer: Display: Creating Master Submix 'MasterEQSubmixDefault'
[2020.11.24-06.10.30:805][  0]LogInit: FAudioDevice initialized.
[2020.11.24-06.10.30:805][  0]LogNetVersion: Set ProjectVersion to 1.0.0.0. Version Checksum will be recalculated on next use.
[2020.11.24-06.10.30:895][  0]LogDerivedDataCache: Saved boot cache 0.09s 75MB C:/Users/16035/AppData/Local/UnrealEngine/4.25/DerivedDataCache/Boot.ddc.
[2020.11.24-06.10.30:900][  0]LogInit: Texture streaming: Enabled
[2020.11.24-06.10.30:922][  0]LogEngineSessionManager: EngineSessionManager initialized
[2020.11.24-06.10.30:922][  0]LogEditorSessionSummary: Verbose: Initializing EditorSessionSummaryWriter for editor session tracking
[2020.11.24-06.10.30:924][  0]LogEditorSessionSummary: EditorSessionSummaryWriter initialized
[2020.11.24-06.10.30:956][  0]LogInit: Transaction tracking system initialized
[2020.11.24-06.10.30:985][  0]BlueprintLog: New page: Editor Load
[2020.11.24-06.10.31:118][  0]LocalizationService: Localization service is disabled
[2020.11.24-06.10.31:366][  0]LogCook: Display: Max memory allowance for cook 16384mb min free memory 0mb
[2020.11.24-06.10.31:366][  0]LogCook: Display: Mobile HDR setting 0
[2020.11.24-06.10.31:549][  0]LogFileCache: Scanning file cache for directory 'D:/Github/GhostMysteryFinalRepo/GhostMystery/Content/' took 0.00s
[2020.11.24-06.10.31:857][  0]SourceControl: Source control is disabled
[2020.11.24-06.10.31:857][  0]LogUnrealEdMisc: Loading editor; pre map load, took 8.543
[2020.11.24-06.10.31:857][  0]Cmd: MAP LOAD FILE="../../../../../Github/GhostMysteryFinalRepo/GhostMystery/Content/2DSideScrollerBP/Maps/2DSideScrollerExampleMap.umap" TEMPLATE=0 SHOWPROGRESS=1 FEATURELEVEL=3
[2020.11.24-06.10.31:858][  0]LightingResults: New page: Lighting Build
[2020.11.24-06.10.31:858][  0]LogWorld: UWorld::CleanupWorld for Untitled, bSessionEnded=true, bCleanupResources=true
[2020.11.24-06.10.31:858][  0]LogSlate: InvalidateAllWidgets triggered.  All widgets were invalidated
[2020.11.24-06.10.31:859][  0]MapCheck: New page: Map Check
[2020.11.24-06.10.31:859][  0]LightingResults: New page: Lighting Build
[2020.11.24-06.10.31:871][  0]LogAISub: UAISubsystem::~UAISubsystem EnvQueryManager (00000288D3084800), frame # 0
[2020.11.24-06.10.31:871][  0]LogAISub: UAISubsystem::~UAISubsystem AIPerceptionSystem (00000288D309CB80), frame # 0
[2020.11.24-06.10.31:872][  0]LogUObjectHash: Compacting FUObjectHashTables data took   0.89ms
[2020.11.24-06.10.31:978][  0]LogAIModule: Creating AISystem for world 2DSideScrollerExampleMap
[2020.11.24-06.10.31:978][  0]LogAISub: UAISubsystem::UAISubsystem EnvQueryManager (00000288C2907E00), frame # 0
[2020.11.24-06.10.31:978][  0]LogAISub: UAISubsystem::UAISubsystem AIPerceptionSystem (00000288C2B03240), frame # 0
[2020.11.24-06.10.31:982][  0]LogEditorServer: Finished looking for orphan Actors (0.000 secs)
[2020.11.24-06.10.31:998][  0]LogUObjectHash: Compacting FUObjectHashTables data took   1.22ms
[2020.11.24-06.10.31:999][  0]Cmd: MAP CHECKDEP NOCLEARLOG
[2020.11.24-06.10.31:999][  0]MapCheck: Map check complete: 0 Error(s), 0 Warning(s), took 0.154ms to complete.
[2020.11.24-06.10.31:999][  0]LogFileHelpers: Loading map '2DSideScrollerExampleMap' took 0.142
[2020.11.24-06.10.32:001][  0]LogUnrealEdMisc: Total Editor Startup Time, took 8.687
[2020.11.24-06.10.32:114][  0]LogSlate: Updating window title bar state: overlay mode, drag disabled, window buttons hidden, title bar hidden
[2020.11.24-06.10.32:123][  0]LogSlate: Updating window title bar state: overlay mode, drag disabled, window buttons hidden, title bar hidden
[2020.11.24-06.10.32:131][  0]LogSlate: Updating window title bar state: overlay mode, drag disabled, window buttons hidden, title bar hidden
[2020.11.24-06.10.32:139][  0]LogSlate: Updating window title bar state: overlay mode, drag disabled, window buttons hidden, title bar hidden
[2020.11.24-06.10.32:146][  0]LogCollectionManager: Loaded 0 collections in 0.001088 seconds
[2020.11.24-06.10.32:165][  0]LogFileCache: Scanning file cache for directory 'D:/Github/GhostMysteryFinalRepo/GhostMystery/Saved/Collections/' took 0.00s
[2020.11.24-06.10.32:166][  0]LogFileCache: Scanning file cache for directory 'D:/Github/GhostMysteryFinalRepo/GhostMystery/Content/Developers/16035/Collections/' took 0.00s
[2020.11.24-06.10.32:166][  0]LogFileCache: Scanning file cache for directory 'D:/Github/GhostMysteryFinalRepo/GhostMystery/Content/Collections/' took 0.00s
[2020.11.24-06.10.32:166][  0]LogContentBrowser: Native class hierarchy populated in 0.0116 seconds. Added 3427 classes and 821 folders.
[2020.11.24-06.10.32:168][  0]LogContentBrowser: Native class hierarchy updated for 'WidgetCarousel' in 0.0003 seconds. Added 0 classes and 0 folders.
[2020.11.24-06.10.32:268][  0]LogContentBrowser: Native class hierarchy updated for 'AddContentDialog' in 0.0005 seconds. Added 0 classes and 0 folders.
[2020.11.24-06.10.32:269][  0]LogContentBrowser: Native class hierarchy updated for 'SceneOutliner' in 0.0003 seconds. Added 2 classes and 0 folders.
[2020.11.24-06.10.32:298][  0]LogSlate: Took 0.000324 seconds to synchronously load lazily loaded font '../../../Engine/Content/Slate/Fonts/Roboto-Regular.ttf' (155K)
[2020.11.24-06.10.32:300][  0]LogSlate: Took 0.000240 seconds to synchronously load lazily loaded font '../../../Engine/Content/Slate/Fonts/Roboto-Bold.ttf' (160K)
[2020.11.24-06.10.32:306][  0]LogSlate: Took 0.000250 seconds to synchronously load lazily loaded font '../../../Engine/Content/Editor/Slate/Fonts/FontAwesome.ttf' (139K)
[2020.11.24-06.10.32:380][  0]LogRenderer: Reallocating scene render targets to support 1208x572 Format 10 NumSamples 1 (Frame:1).
[2020.11.24-06.10.32:481][  0]LogContentBrowser: Native class hierarchy updated for 'HierarchicalLODOutliner' in 0.0005 seconds. Added 0 classes and 0 folders.
[2020.11.24-06.10.32:481][  0]LogLoad: (Engine Initialization) Total time: 9.17 seconds
[2020.11.24-06.10.32:481][  0]LogLoad: (Engine Initialization) Total Blueprint compile time: 0.00 seconds
[2020.11.24-06.10.32:541][  0]LogAssetRegistry: Asset discovery search completed in 4.1080 seconds
[2020.11.24-06.10.32:546][  0]LogCollectionManager: Fixed up redirectors for 0 collections in 0.000003 seconds (updated 0 objects)
[2020.11.24-06.10.32:548][  0]LogContentStreaming: Texture pool size now 1000 MB
[2020.11.24-06.10.32:569][  0]LogSlate: Took 0.000253 seconds to synchronously load lazily loaded font '../../../Engine/Content/Slate/Fonts/Roboto-Light.ttf' (167K)
[2020.11.24-06.11.26:204][133]LogSlate: Took 0.000244 seconds to synchronously load lazily loaded font '../../../Engine/Content/Slate/Fonts/Roboto-Light.ttf' (167K)
[2020.11.24-06.11.26:229][133]LogAssetTools: Warning: Failed to import 'C:\Users\16035\Documents\GAM2252 Digital Game\Art/GhostCharacter/Ghost.clip'. Unknown extension 'clip'.
[2020.11.24-06.11.26:229][133]LogOutputDevice: Warning: 

Script Stack (0 frames):

[2020.11.24-06.11.26:670][133]LogStats: FPlatformStackWalk::StackWalkAndDump -  0.441 s
[2020.11.24-06.11.26:670][133]LogOutputDevice: Error: === Handled ensure: ===
[2020.11.24-06.11.26:670][133]LogOutputDevice: Error: 
[2020.11.24-06.11.26:670][133]LogOutputDevice: Error: Ensure condition failed: ExpectedWorkThisFrame <= 1.01f * TotalAmountOfWork - CompletedWork [File:D:/Build/++UE4+Licensee/Sync/Engine/Source/Runtime/Core/Private/Misc/SlowTask.cpp] [Line: 121]
[2020.11.24-06.11.26:670][133]LogOutputDevice: Error: Work overflow in slow task. Please revise call-site to account for entire progress range.
[2020.11.24-06.11.26:670][133]LogOutputDevice: Error: Stack: 
[2020.11.24-06.11.26:670][133]LogOutputDevice: Error: [Callstack] 0x00007fff7672c446 UE4Editor-Core.dll!UnknownFunction []
[2020.11.24-06.11.26:670][133]LogOutputDevice: Error: [Callstack] 0x00007fff761e518f UE4Editor-Core.dll!UnknownFunction []
[2020.11.24-06.11.26:670][133]LogOutputDevice: Error: [Callstack] 0x00007fff36315b3b UE4Editor-AssetTools.dll!UnknownFunction []
[2020.11.24-06.11.26:670][133]LogOutputDevice: Error: [Callstack] 0x00007fff36314611 UE4Editor-AssetTools.dll!UnknownFunction []
[2020.11.24-06.11.26:670][133]LogOutputDevice: Error: [Callstack] 0x00007fff43eed445 UE4Editor-ContentBrowser.dll!UnknownFunction []
[2020.11.24-06.11.26:670][133]LogOutputDevice: Error: [Callstack] 0x00007fff43ea396f UE4Editor-ContentBrowser.dll!UnknownFunction []
[2020.11.24-06.11.26:670][133]LogOutputDevice: Error: [Callstack] 0x00007fff43ddd46d UE4Editor-ContentBrowser.dll!UnknownFunction []
[2020.11.24-06.11.26:670][133]LogOutputDevice: Error: [Callstack] 0x00007fff8b04253f UE4Editor-Slate.dll!UnknownFunction []
[2020.11.24-06.11.26:670][133]LogOutputDevice: Error: [Callstack] 0x00007fff8b021d75 UE4Editor-Slate.dll!UnknownFunction []
[2020.11.24-06.11.26:670][133]LogOutputDevice: Error: [Callstack] 0x00007fff8b0a6c27 UE4Editor-Slate.dll!UnknownFunction []
[2020.11.24-06.11.26:670][133]LogOutputDevice: Error: [Callstack] 0x00007fff8b08f4b2 UE4Editor-Slate.dll!UnknownFunction []
[2020.11.24-06.11.26:670][133]LogOutputDevice: Error: [Callstack] 0x00007fff8b07fb86 UE4Editor-Slate.dll!UnknownFunction []
[2020.11.24-06.11.26:670][133]LogOutputDevice: Error: [Callstack] 0x00007fffabc15e0a UE4Editor-ApplicationCore.dll!UnknownFunction []
[2020.11.24-06.11.26:670][133]LogOutputDevice: Error: [Callstack] 0x00007fffabc066a5 UE4Editor-ApplicationCore.dll!UnknownFunction []
[2020.11.24-06.11.26:670][133]LogOutputDevice: Error: [Callstack] 0x00007fffce6a8602 ole32.dll!UnknownFunction []
[2020.11.24-06.11.26:670][133]LogOutputDevice: Error: [Callstack] 0x00007fffcdb06a63 RPCRT4.dll!UnknownFunction []
[2020.11.24-06.11.26:670][133]LogOutputDevice: Error: [Callstack] 0x00007fffcdb6a036 RPCRT4.dll!UnknownFunction []
[2020.11.24-06.11.26:670][133]LogOutputDevice: Error: [Callstack] 0x00007fffcdac83b9 RPCRT4.dll!UnknownFunction []
[2020.11.24-06.11.26:670][133]LogOutputDevice: Error: [Callstack] 0x00007fffcdc55cff combase.dll!UnknownFunction []
[2020.11.24-06.11.26:670][133]LogOutputDevice: Error: [Callstack] 0x00007fffcdc3d0e3 combase.dll!UnknownFunction []
[2020.11.24-06.11.26:670][133]LogOutputDevice: Error: [Callstack] 0x00007fffcdc3ced3 combase.dll!UnknownFunction []
[2020.11.24-06.11.26:670][133]LogOutputDevice: Error: [Callstack] 0x00007fffcdc59556 combase.dll!UnknownFunction []
[2020.11.24-06.11.26:670][133]LogOutputDevice: Error: [Callstack] 0x00007fffcdc3a4fa combase.dll!UnknownFunction []
[2020.11.24-06.11.26:670][133]LogOutputDevice: Error: [Callstack] 0x00007fffcdc3b1bd combase.dll!UnknownFunction []
[2020.11.24-06.11.26:670][133]LogOutputDevice: Error: [Callstack] 0x00007fffcdbf01ac combase.dll!UnknownFunction []
[2020.11.24-06.11.26:670][133]LogOutputDevice: Error: [Callstack] 0x00007fffcdbf0a11 combase.dll!UnknownFunction []
[2020.11.24-06.11.26:670][133]LogOutputDevice: Error: [Callstack] 0x00007fffcdc12f9d combase.dll!UnknownFunction []
[2020.11.24-06.11.26:670][133]LogOutputDevice: Error: [Callstack] 0x00007fffcccc5c1d USER32.dll!UnknownFunction []
[2020.11.24-06.11.26:670][133]LogOutputDevice: Error: [Callstack] 0x00007fffcccc5612 USER32.dll!UnknownFunction []
[2020.11.24-06.11.26:670][133]LogOutputDevice: Error: [Callstack] 0x00007fffabc1bb24 UE4Editor-ApplicationCore.dll!UnknownFunction []
[2020.11.24-06.11.26:670][133]LogOutputDevice: Error: [Callstack] 0x00007ff6671e68c4 UE4Editor.exe!UnknownFunction []
[2020.11.24-06.11.26:670][133]LogOutputDevice: Error: [Callstack] 0x00007ff6671fba7c UE4Editor.exe!UnknownFunction []
[2020.11.24-06.11.26:670][133]LogOutputDevice: Error: [Callstack] 0x00007ff6671fbb5a UE4Editor.exe!UnknownFunction []
[2020.11.24-06.11.26:670][133]LogOutputDevice: Error: [Callstack] 0x00007ff66720e31d UE4Editor.exe!UnknownFunction []
[2020.11.24-06.11.26:670][133]LogOutputDevice: Error: [Callstack] 0x00007ff66721145a UE4Editor.exe!UnknownFunction []
[2020.11.24-06.11.26:670][133]LogOutputDevice: Error: [Callstack] 0x00007fffce757c24 KERNEL32.DLL!UnknownFunction []
[2020.11.24-06.11.26:670][133]LogOutputDevice: Error: [Callstack] 0x00007fffce8ad4d1 ntdll.dll!UnknownFunction []
[2020.11.24-06.11.26:670][133]LogOutputDevice: Error: 
[2020.11.24-06.11.26:671][133]LogStats:                SubmitErrorReport -  0.000 s
[2020.11.24-06.11.28:419][133]LogStats:                    SendNewReport -  1.748 s
[2020.11.24-06.11.28:419][133]LogStats:             FDebug::EnsureFailed -  2.190 s
[2020.11.24-06.11.28:440][133]LogFactory: FactoryCreateFile: Texture with ReimportTextureFactory (0 0 C:\Users\16035\Documents\GAM2252 Digital Game\Art/GhostCharacter/Ghost.png)
[2020.11.24-06.11.28:459][133]LogTexture: Display: Building textures: Ghost (AutoDXT, 1000X1000)
[2020.11.24-06.11.28:541][133]LogFactory: FactoryCreateFile: Texture with ReimportTextureFactory (0 0 C:\Users\16035\Documents\GAM2252 Digital Game\Art/house assets/Floor1/ChairL.png)
[2020.11.24-06.11.28:560][133]LogTexture: Display: Building textures: ChairL (AutoDXT, 1000X1000)
[2020.11.24-06.11.28:852][133]LogFactory: FactoryCreateFile: Texture with ReimportTextureFactory (0 0 C:\Users\16035\Documents\GAM2252 Digital Game\Art/house assets/Floor1/ChairR.png)
[2020.11.24-06.11.28:871][133]LogTexture: Display: Building textures: ChairR (AutoDXT, 1000X1000)
[2020.11.24-06.11.29:148][133]LogAssetTools: Warning: Failed to import 'C:\Users\16035\Documents\GAM2252 Digital Game\Art/house assets/Floor1/Chairs.clip'. Unknown extension 'clip'.
[2020.11.24-06.11.29:152][133]LogAssetTools: Warning: Failed to import 'C:\Users\16035\Documents\GAM2252 Digital Game\Art/house assets/Floor1/Door.clip'. Unknown extension 'clip'.
[2020.11.24-06.11.29:153][133]LogFactory: FactoryCreateFile: Texture with ReimportTextureFactory (0 0 C:\Users\16035\Documents\GAM2252 Digital Game\Art/house assets/Floor1/Door.png)
[2020.11.24-06.11.29:168][133]LogTexture: Display: Building textures: Door (AutoDXT, 1000X1000)
[2020.11.24-06.11.29:311][133]LogAssetTools: Warning: Failed to import 'C:\Users\16035\Documents\GAM2252 Digital Game\Art/house assets/Floor1/KitchenApps.clip'. Unknown extension 'clip'.
[2020.11.24-06.11.29:312][133]LogFactory: FactoryCreateFile: Texture with ReimportTextureFactory (0 0 C:\Users\16035\Documents\GAM2252 Digital Game\Art/house assets/Floor1/KitchenApps.png)
[2020.11.24-06.11.29:390][133]LogTexture: Display: Building textures: KitchenApps (AutoDXT, 2000X2000)
[2020.11.24-06.11.29:835][133]LogAssetTools: Warning: Failed to import 'C:\Users\16035\Documents\GAM2252 Digital Game\Art/house assets/Floor1/KitchenCabinets.clip'. Unknown extension 'clip'.
[2020.11.24-06.11.29:836][133]LogFactory: FactoryCreateFile: Texture with ReimportTextureFactory (0 0 C:\Users\16035\Documents\GAM2252 Digital Game\Art/house assets/Floor1/KitchenCabinets.png)
[2020.11.24-06.11.29:853][133]LogTexture: Display: Building textures: KitchenCabinets (AutoDXT, 1000X1000)
[2020.11.24-06.11.29:952][133]LogAssetTools: Warning: Failed to import 'C:\Users\16035\Documents\GAM2252 Digital Game\Art/house assets/Floor1/KitchenFridge.clip'. Unknown extension 'clip'.
[2020.11.24-06.11.29:952][133]LogFactory: FactoryCreateFile: Texture with ReimportTextureFactory (0 0 C:\Users\16035\Documents\GAM2252 Digital Game\Art/house assets/Floor1/KitchenFridge.png)
[2020.11.24-06.11.29:970][133]LogTexture: Display: Building textures: KitchenFridge (AutoDXT, 1000X1000)
[2020.11.24-06.11.30:092][133]LogAssetTools: Warning: Failed to import 'C:\Users\16035\Documents\GAM2252 Digital Game\Art/house assets/Floor1/KitchenKnives.clip'. Unknown extension 'clip'.
[2020.11.24-06.11.30:093][133]LogFactory: FactoryCreateFile: Texture with ReimportTextureFactory (0 0 C:\Users\16035\Documents\GAM2252 Digital Game\Art/house assets/Floor1/KitchenKnives.png)
[2020.11.24-06.11.30:111][133]LogTexture: Display: Building textures: KitchenKnives (AutoDXT, 1000X1000)
[2020.11.24-06.11.30:172][133]LogAssetTools: Warning: Failed to import 'C:\Users\16035\Documents\GAM2252 Digital Game\Art/house assets/Floor1/KitchenKnivesMissing.clip'. Unknown extension 'clip'.
[2020.11.24-06.11.30:172][133]LogFactory: FactoryCreateFile: Texture with ReimportTextureFactory (0 0 C:\Users\16035\Documents\GAM2252 Digital Game\Art/house assets/Floor1/KitchenKnivesMissing.png)
[2020.11.24-06.11.30:190][133]LogTexture: Display: Building textures: KitchenKnivesMissing (AutoDXT, 1000X1000)
[2020.11.24-06.11.30:330][133]LogAssetTools: Warning: Failed to import 'C:\Users\16035\Documents\GAM2252 Digital Game\Art/house assets/Floor1/kitchenlight.clip'. Unknown extension 'clip'.
[2020.11.24-06.11.30:331][133]LogFactory: FactoryCreateFile: Texture with ReimportTextureFactory (0 0 C:\Users\16035\Documents\GAM2252 Digital Game\Art/house assets/Floor1/kitchenlight.png)
[2020.11.24-06.11.30:348][133]LogTexture: Display: Building textures: kitchenlight (AutoDXT, 1000X1000)
[2020.11.24-06.11.30:405][133]LogAssetTools: Warning: Failed to import 'C:\Users\16035\Documents\GAM2252 Digital Game\Art/house assets/Floor1/KitchenTable.clip'. Unknown extension 'clip'.
[2020.11.24-06.11.30:405][133]LogFactory: FactoryCreateFile: Texture with ReimportTextureFactory (0 0 C:\Users\16035\Documents\GAM2252 Digital Game\Art/house assets/Floor1/KitchenTable.png)
[2020.11.24-06.11.30:423][133]LogTexture: Display: Building textures: KitchenTable (AutoDXT, 1000X1000)
[2020.11.24-06.11.30:822][133]LogAssetTools: Warning: Failed to import 'C:\Users\16035\Documents\GAM2252 Digital Game\Art/house assets/Floor1/KitchenUtensils.clip'. Unknown extension 'clip'.
[2020.11.24-06.11.30:822][133]LogFactory: FactoryCreateFile: Texture with ReimportTextureFactory (0 0 C:\Users\16035\Documents\GAM2252 Digital Game\Art/house assets/Floor1/KitchenUtensils.png)
[2020.11.24-06.11.30:840][133]LogTexture: Display: Building textures: KitchenUtensils (AutoDXT, 1000X1000)
[2020.11.24-06.11.30:890][133]LogAssetTools: Warning: Failed to import 'C:\Users\16035\Documents\GAM2252 Digital Game\Art/house assets/Floor1/ladder.clip'. Unknown extension 'clip'.
[2020.11.24-06.11.30:890][133]LogFactory: FactoryCreateFile: Texture with ReimportTextureFactory (0 0 C:\Users\16035\Documents\GAM2252 Digital Game\Art/house assets/Floor1/ladder.png)
[2020.11.24-06.11.30:907][133]LogTexture: Display: Building textures: ladder (AutoDXT, 1000X1000)
[2020.11.24-06.11.31:050][133]LogFactory: FactoryCreateFile: Texture with ReimportTextureFactory (0 0 C:\Users\16035\Documents\GAM2252 Digital Game\Art/house assets/Floor1/Plant 1.png)
[2020.11.24-06.11.31:065][133]LogTexture: Display: Building textures: Plant_1 (AutoDXT, 1000X1000)
[2020.11.24-06.11.31:148][133]LogFactory: FactoryCreateFile: Texture with ReimportTextureFactory (0 0 C:\Users\16035\Documents\GAM2252 Digital Game\Art/house assets/Floor1/Plant 2.png)
[2020.11.24-06.11.31:167][133]LogTexture: Display: Building textures: Plant_2 (AutoDXT, 1000X1000)
[2020.11.24-06.11.31:301][133]LogFactory: FactoryCreateFile: Texture with ReimportTextureFactory (0 0 C:\Users\16035\Documents\GAM2252 Digital Game\Art/house assets/Floor1/Plant 3.png)
[2020.11.24-06.11.31:319][133]LogTexture: Display: Building textures: Plant_3 (AutoDXT, 1000X1000)
[2020.11.24-06.11.31:783][133]LogAssetTools: Warning: Failed to import 'C:\Users\16035\Documents\GAM2252 Digital Game\Art/house assets/Floor1/Plants.clip'. Unknown extension 'clip'.
[2020.11.24-06.11.31:789][133]LogAssetTools: Warning: Failed to import 'C:\Users\16035\Documents\GAM2252 Digital Game\Art/house assets/Floor1/TrashCan.clip'. Unknown extension 'clip'.
[2020.11.24-06.11.31:790][133]LogFactory: FactoryCreateFile: Texture with ReimportTextureFactory (0 0 C:\Users\16035\Documents\GAM2252 Digital Game\Art/house assets/Floor1/TrashCan.png)
[2020.11.24-06.11.31:807][133]LogTexture: Display: Building textures: TrashCan (AutoDXT, 1000X1000)
[2020.11.24-06.11.31:864][133]LogAssetTools: Warning: Failed to import 'C:\Users\16035\Documents\GAM2252 Digital Game\Art/house assets/Floor1/Window.clip'. Unknown extension 'clip'.
[2020.11.24-06.11.31:865][133]LogFactory: FactoryCreateFile: Texture with ReimportTextureFactory (0 0 C:\Users\16035\Documents\GAM2252 Digital Game\Art/house assets/Floor1/Window.png)
[2020.11.24-06.11.31:881][133]LogTexture: Display: Building textures: Window (AutoDXT, 1000X1000)
[2020.11.24-06.11.32:055][133]LogAssetTools: Warning: Failed to import 'C:\Users\16035\Documents\GAM2252 Digital Game\Art/house assets/Floor2/Bathroom/Bathtub.clip'. Unknown extension 'clip'.
[2020.11.24-06.11.32:056][133]LogFactory: FactoryCreateFile: Texture with ReimportTextureFactory (0 0 C:\Users\16035\Documents\GAM2252 Digital Game\Art/house assets/Floor2/Bathroom/Bathtub.png)
[2020.11.24-06.11.32:074][133]LogTexture: Display: Building textures: Bathtub (AutoDXT, 1000X1000)
[2020.11.24-06.11.32:155][133]LogAssetTools: Warning: Failed to import 'C:\Users\16035\Documents\GAM2252 Digital Game\Art/house assets/Floor2/Bathroom/Sink.clip'. Unknown extension 'clip'.
[2020.11.24-06.11.32:156][133]LogFactory: FactoryCreateFile: Texture with ReimportTextureFactory (0 0 C:\Users\16035\Documents\GAM2252 Digital Game\Art/house assets/Floor2/Bathroom/Sink.png)
[2020.11.24-06.11.32:172][133]LogTexture: Display: Building textures: Sink (AutoDXT, 1000X1000)
[2020.11.24-06.11.32:322][133]LogAssetTools: Warning: Failed to import 'C:\Users\16035\Documents\GAM2252 Digital Game\Art/house assets/Floor2/Bathroom/ToiletDown.clip'. Unknown extension 'clip'.
[2020.11.24-06.11.32:322][133]LogFactory: FactoryCreateFile: Texture with ReimportTextureFactory (0 0 C:\Users\16035\Documents\GAM2252 Digital Game\Art/house assets/Floor2/Bathroom/ToiletDown.png)
[2020.11.24-06.11.32:340][133]LogTexture: Display: Building textures: ToiletDown (AutoDXT, 1000X1000)
[2020.11.24-06.11.32:391][133]LogAssetTools: Warning: Failed to import 'C:\Users\16035\Documents\GAM2252 Digital Game\Art/house assets/Floor2/Bathroom/ToiletUp.clip'. Unknown extension 'clip'.
[2020.11.24-06.11.32:392][133]LogFactory: FactoryCreateFile: Texture with ReimportTextureFactory (0 0 C:\Users\16035\Documents\GAM2252 Digital Game\Art/house assets/Floor2/Bathroom/ToiletUp.png)
[2020.11.24-06.11.32:411][133]LogTexture: Display: Building textures: ToiletUp (AutoDXT, 1000X1000)
[2020.11.24-06.11.32:612][133]LogAssetTools: Warning: Failed to import 'C:\Users\16035\Documents\GAM2252 Digital Game\Art/house assets/Floor2/LivingRoom/Bookshelf1.clip'. Unknown extension 'clip'.
[2020.11.24-06.11.32:612][133]LogFactory: FactoryCreateFile: Texture with ReimportTextureFactory (0 0 C:\Users\16035\Documents\GAM2252 Digital Game\Art/house assets/Floor2/LivingRoom/Bookshelf1.png)
[2020.11.24-06.11.32:630][133]LogTexture: Display: Building textures: Bookshelf1 (AutoDXT, 1000X1000)
[2020.11.24-06.11.32:836][133]LogAssetTools: Warning: Failed to import 'C:\Users\16035\Documents\GAM2252 Digital Game\Art/house assets/Floor2/LivingRoom/Chair.clip'. Unknown extension 'clip'.
[2020.11.24-06.11.32:836][133]LogFactory: FactoryCreateFile: Texture with ReimportTextureFactory (0 0 C:\Users\16035\Documents\GAM2252 Digital Game\Art/house assets/Floor2/LivingRoom/Chair.png)
[2020.11.24-06.11.32:852][133]LogTexture: Display: Building textures: Chair (AutoDXT, 1000X1000)
[2020.11.24-06.11.32:899][133]LogAssetTools: Warning: Failed to import 'C:\Users\16035\Documents\GAM2252 Digital Game\Art/house assets/Floor2/LivingRoom/Clock.clip'. Unknown extension 'clip'.
[2020.11.24-06.11.32:899][133]LogFactory: FactoryCreateFile: Texture with ReimportTextureFactory (0 0 C:\Users\16035\Documents\GAM2252 Digital Game\Art/house assets/Floor2/LivingRoom/Clock.png)
[2020.11.24-06.11.32:916][133]LogTexture: Display: Building textures: Clock (AutoDXT, 1000X1000)
[2020.11.24-06.11.33:058][133]LogAssetTools: Warning: Failed to import 'C:\Users\16035\Documents\GAM2252 Digital Game\Art/house assets/Floor2/LivingRoom/Couch.clip'. Unknown extension 'clip'.
[2020.11.24-06.11.33:058][133]LogFactory: FactoryCreateFile: Texture with ReimportTextureFactory (0 0 C:\Users\16035\Documents\GAM2252 Digital Game\Art/house assets/Floor2/LivingRoom/Couch.png)
[2020.11.24-06.11.33:074][133]LogTexture: Display: Building textures: Couch (AutoDXT, 1000X1000)
[2020.11.24-06.11.33:154][133]LogAssetTools: Warning: Failed to import 'C:\Users\16035\Documents\GAM2252 Digital Game\Art/house assets/Floor2/LivingRoom/Grandfather Clock.clip'. Unknown extension 'clip'.
[2020.11.24-06.11.33:155][133]LogFactory: FactoryCreateFile: Texture with ReimportTextureFactory (0 0 C:\Users\16035\Documents\GAM2252 Digital Game\Art/house assets/Floor2/LivingRoom/Grandfather Clock.png)
[2020.11.24-06.11.33:172][133]LogTexture: Display: Building textures: Grandfather_Clock (AutoDXT, 1000X1000)
[2020.11.24-06.11.33:367][133]LogAssetTools: Warning: Failed to import 'C:\Users\16035\Documents\GAM2252 Digital Game\Art/house assets/Floor2/LivingRoom/Lamp.clip'. Unknown extension 'clip'.
[2020.11.24-06.11.33:367][133]LogFactory: FactoryCreateFile: Texture with ReimportTextureFactory (0 0 C:\Users\16035\Documents\GAM2252 Digital Game\Art/house assets/Floor2/LivingRoom/Lamp.png)
[2020.11.24-06.11.33:384][133]LogTexture: Display: Building textures: Lamp (AutoDXT, 1000X1000)
[2020.11.24-06.11.33:433][133]LogAssetTools: Warning: Failed to import 'C:\Users\16035\Documents\GAM2252 Digital Game\Art/house assets/Floor2/LivingRoom/Pictures.clip'. Unknown extension 'clip'.
[2020.11.24-06.11.33:434][133]LogFactory: FactoryCreateFile: Texture with ReimportTextureFactory (0 0 C:\Users\16035\Documents\GAM2252 Digital Game\Art/house assets/Floor2/LivingRoom/pictures.png)
[2020.11.24-06.11.33:452][133]LogTexture: Display: Building textures: pictures (AutoDXT, 1000X1000)
[2020.11.24-06.11.33:681][133]LogAssetTools: Warning: Failed to import 'C:\Users\16035\Documents\GAM2252 Digital Game\Art/house assets/Floor2/LivingRoom/PicturesEdit.clip'. Unknown extension 'clip'.
[2020.11.24-06.11.33:686][133]LogAssetTools: Warning: Failed to import 'C:\Users\16035\Documents\GAM2252 Digital Game\Art/house assets/Floor2/LivingRoom/TV.clip'. Unknown extension 'clip'.
[2020.11.24-06.11.33:687][133]LogFactory: FactoryCreateFile: Texture with ReimportTextureFactory (0 0 C:\Users\16035\Documents\GAM2252 Digital Game\Art/house assets/Floor2/LivingRoom/TV.png)
[2020.11.24-06.11.33:704][133]LogTexture: Display: Building textures: TV (AutoDXT, 1000X1000)
[2020.11.24-06.11.33:899][133]LogAssetTools: Warning: Failed to import 'C:\Users\16035\Documents\GAM2252 Digital Game\Art/house assets/Floor3/Bed.clip'. Unknown extension 'clip'.
[2020.11.24-06.11.33:899][133]LogFactory: FactoryCreateFile: Texture with ReimportTextureFactory (0 0 C:\Users\16035\Documents\GAM2252 Digital Game\Art/house assets/Floor3/Bed.png)
[2020.11.24-06.11.33:915][133]LogTexture: Display: Building textures: Bed (AutoDXT, 1000X1000)
[2020.11.24-06.11.34:069][133]LogAssetTools: Warning: Failed to import 'C:\Users\16035\Documents\GAM2252 Digital Game\Art/house assets/Floor3/Bookshelf2.clip'. Unknown extension 'clip'.
[2020.11.24-06.11.34:069][133]LogFactory: FactoryCreateFile: Texture with ReimportTextureFactory (0 0 C:\Users\16035\Documents\GAM2252 Digital Game\Art/house assets/Floor3/Bookshelf2.png)
[2020.11.24-06.11.34:086][133]LogTexture: Display: Building textures: Bookshelf2 (AutoDXT, 1000X1000)
[2020.11.24-06.11.34:296][133]LogAssetTools: Warning: Failed to import 'C:\Users\16035\Documents\GAM2252 Digital Game\Art/house assets/Floor3/DeskChair.clip'. Unknown extension 'clip'.
[2020.11.24-06.11.34:297][133]LogFactory: FactoryCreateFile: Texture with ReimportTextureFactory (0 0 C:\Users\16035\Documents\GAM2252 Digital Game\Art/house assets/Floor3/DeskChair.png)
[2020.11.24-06.11.34:314][133]LogTexture: Display: Building textures: DeskChair (AutoDXT, 1000X1000)
[2020.11.24-06.11.34:371][133]LogAssetTools: Warning: Failed to import 'C:\Users\16035\Documents\GAM2252 Digital Game\Art/house assets/Floor3/DeskPC.clip'. Unknown extension 'clip'.
[2020.11.24-06.11.34:371][133]LogFactory: FactoryCreateFile: Texture with ReimportTextureFactory (0 0 C:\Users\16035\Documents\GAM2252 Digital Game\Art/house assets/Floor3/DeskPC.png)
[2020.11.24-06.11.34:387][133]LogTexture: Display: Building textures: DeskPC (AutoDXT, 1000X1000)
[2020.11.24-06.11.34:606][133]LogAssetTools: Warning: Failed to import 'C:\Users\16035\Documents\GAM2252 Digital Game\Art/house assets/Floor3/LightSwitch.clip'. Unknown extension 'clip'.
[2020.11.24-06.11.34:607][133]LogFactory: FactoryCreateFile: Texture with ReimportTextureFactory (0 0 C:\Users\16035\Documents\GAM2252 Digital Game\Art/house assets/Floor3/LightSwitch.png)
[2020.11.24-06.11.34:624][133]LogTexture: Display: Building textures: LightSwitch (AutoDXT, 1000X1000)
[2020.11.24-06.11.34:680][133]LogAssetTools: Warning: Failed to import 'C:\Users\16035\Documents\GAM2252 Digital Game\Art/house assets/Floor3/Poster.clip'. Unknown extension 'clip'.
[2020.11.24-06.11.34:681][133]LogFactory: FactoryCreateFile: Texture with ReimportTextureFactory (0 0 C:\Users\16035\Documents\GAM2252 Digital Game\Art/house assets/Floor3/Poster.png)
[2020.11.24-06.11.34:698][133]LogTexture: Display: Building textures: Poster (AutoDXT, 1000X1000)
[2020.11.24-06.11.35:066][133]LogAssetTools: Warning: Failed to import 'C:\Users\16035\Documents\GAM2252 Digital Game\Art/house assets/Floor3/skateboard.clip'. Unknown extension 'clip'.
[2020.11.24-06.11.35:066][133]LogFactory: FactoryCreateFile: Texture with ReimportTextureFactory (0 0 C:\Users\16035\Documents\GAM2252 Digital Game\Art/house assets/Floor3/skateboard.png)
[2020.11.24-06.11.35:083][133]LogTexture: Display: Building textures: skateboard (AutoDXT, 1000X1000)
[2020.11.24-06.11.35:124][133]LogAssetTools: Warning: Failed to import 'C:\Users\16035\Documents\GAM2252 Digital Game\Art/house assets/Floor3/slanted window.clip'. Unknown extension 'clip'.
[2020.11.24-06.11.35:124][133]LogFactory: FactoryCreateFile: Texture with ReimportTextureFactory (0 0 C:\Users\16035\Documents\GAM2252 Digital Game\Art/house assets/Floor3/slanted window.png)
[2020.11.24-06.11.35:140][133]LogTexture: Display: Building textures: slanted_window (AutoDXT, 1000X1000)
[2020.11.24-06.11.35:395][133]LogAssetTools: Warning: Failed to import 'C:\Users\16035\Documents\GAM2252 Digital Game\Art/house assets/Floor3/TrashCan.clip'. Unknown extension 'clip'.
[2020.11.24-06.11.35:396][133]LogFactory: FactoryCreateFile: Texture with ReimportTextureFactory (0 0 C:\Users\16035\Documents\GAM2252 Digital Game\Art/house assets/Floor3/TrashCan.png)
[2020.11.24-06.11.35:414][133]LogTexture: Display: Building textures: TrashCan (AutoDXT, 1000X1000)
[2020.11.24-06.11.35:471][133]LogAssetTools: Warning: Failed to import 'C:\Users\16035\Documents\GAM2252 Digital Game\Art/house assets/HouseBorders/SideWall.clip'. Unknown extension 'clip'.
[2020.11.24-06.11.35:471][133]LogFactory: FactoryCreateFile: Texture with ReimportTextureFactory (0 0 C:\Users\16035\Documents\GAM2252 Digital Game\Art/house assets/HouseBorders/SideWall.png)
[2020.11.24-06.11.35:475][133]LogTexture: Display: Building textures: SideWall (AutoDXT, 100X2000)
[2020.11.24-06.11.35:606][133]LogAssetTools: Warning: Failed to import 'C:\Users\16035\Documents\GAM2252 Digital Game\Art/house assets/HouseBorders/WallPaperColor.clip'. Unknown extension 'clip'.
[2020.11.24-06.11.35:606][133]LogFactory: FactoryCreateFile: Texture with ReimportTextureFactory (0 0 C:\Users\16035\Documents\GAM2252 Digital Game\Art/house assets/HouseBorders/WallPaperColor.png)
[2020.11.24-06.11.35:639][133]LogTexture: Display: Building textures: WallPaperColor (AutoDXT, 2000X1000)
[2020.11.24-06.11.35:773][133]LogAssetTools: Warning: Failed to import 'C:\Users\16035\Documents\GAM2252 Digital Game\Art/house assets/HouseBorders/WoodenFloor.clip'. Unknown extension 'clip'.
[2020.11.24-06.11.35:774][133]LogFactory: FactoryCreateFile: Texture with ReimportTextureFactory (0 0 C:\Users\16035\Documents\GAM2252 Digital Game\Art/house assets/HouseBorders/WoodenFloor.png)
[2020.11.24-06.11.35:788][133]LogTexture: Display: Building textures: WoodenFloor (AutoDXT, 2000X500)
[2020.11.24-06.11.35:821][133]LogAssetTools: Warning: Failed to import 'C:\Users\16035\Documents\GAM2252 Digital Game\Art/UI/InspectButton.clip'. Unknown extension 'clip'.
[2020.11.24-06.11.35:822][133]LogFactory: FactoryCreateFile: Texture with ReimportTextureFactory (0 0 C:\Users\16035\Documents\GAM2252 Digital Game\Art/UI/InspectButton.png)
[2020.11.24-06.11.35:838][133]LogTexture: Display: Building textures: InspectButton (AutoDXT, 1000X1000)
[2020.11.24-06.11.36:019][133]LogAssetTools: Warning: Failed to import 'C:\Users\16035\Documents\GAM2252 Digital Game\Art/UI/MagnifyingGlass.clip'. Unknown extension 'clip'.
[2020.11.24-06.11.36:020][133]LogFactory: FactoryCreateFile: Texture with ReimportTextureFactory (0 0 C:\Users\16035\Documents\GAM2252 Digital Game\Art/UI/MagnifyingGlass.png)
[2020.11.24-06.11.36:037][133]LogTexture: Display: Building textures: MagnifyingGlass (AutoDXT, 1000X1000)
[2020.11.24-06.11.36:226][133]LogAssetTools: Warning: Failed to import 'C:\Users\16035\Documents\GAM2252 Digital Game\Art/WaysToDie/LVL1 (stabbing)/BloodStains.clip'. Unknown extension 'clip'.
[2020.11.24-06.11.36:227][133]LogFactory: FactoryCreateFile: Texture with ReimportTextureFactory (0 0 C:\Users\16035\Documents\GAM2252 Digital Game\Art/WaysToDie/LVL1 (stabbing)/BloodStains.png)
[2020.11.24-06.11.36:247][133]LogTexture: Display: Building textures: BloodStains (AutoDXT, 1000X1000)
[2020.11.24-06.11.36:546][133]LogAssetTools: Warning: Failed to import 'C:\Users\16035\Documents\GAM2252 Digital Game\Art/WaysToDie/LVL1 (stabbing)/Knife.clip'. Unknown extension 'clip'.
[2020.11.24-06.11.36:547][133]LogFactory: FactoryCreateFile: Texture with ReimportTextureFactory (0 0 C:\Users\16035\Documents\GAM2252 Digital Game\Art/WaysToDie/LVL1 (stabbing)/Knife.png)
[2020.11.24-06.11.36:563][133]LogTexture: Display: Building textures: Knife (AutoDXT, 1000X1000)
[2020.11.24-06.11.36:647][133]LogAssetTools: Warning: Failed to import 'C:\Users\16035\Documents\GAM2252 Digital Game\Art/WaysToDie/LVL1 (stabbing)/StainedClothes.clip'. Unknown extension 'clip'.
[2020.11.24-06.11.36:728][133]LogFactory: FactoryCreateFile: Texture with ReimportTextureFactory (0 0 C:\Users\16035\Documents\GAM2252 Digital Game\Art/WaysToDie/LVL1 (stabbing)/StainedClothes.png)
[2020.11.24-06.11.36:749][133]LogTexture: Display: Building textures: StainedClothes (BC5, 1000X1000)
[2020.11.24-06.11.36:817][133]LogAssetTools: Warning: Failed to import 'C:\Users\16035\Documents\GAM2252 Digital Game\Art/WaysToDie/LVL2 (poison)/Poison.clip'. Unknown extension 'clip'.
[2020.11.24-06.11.36:818][133]LogFactory: FactoryCreateFile: Texture with ReimportTextureFactory (0 0 C:\Users\16035\Documents\GAM2252 Digital Game\Art/WaysToDie/LVL2 (poison)/Poison.png)
[2020.11.24-06.11.36:833][133]LogTexture: Display: Building textures: Poison (AutoDXT, 1000X1000)
[2020.11.24-06.11.37:056][133]LogAssetTools: Warning: Failed to import 'C:\Users\16035\Documents\GAM2252 Digital Game\Art/WaysToDie/LVL2 (poison)/Syringe.clip'. Unknown extension 'clip'.
[2020.11.24-06.11.37:056][133]LogFactory: FactoryCreateFile: Texture with ReimportTextureFactory (0 0 C:\Users\16035\Documents\GAM2252 Digital Game\Art/WaysToDie/LVL2 (poison)/Syringe.png)
[2020.11.24-06.11.37:073][133]LogTexture: Display: Building textures: Syringe (AutoDXT, 1000X1000)
[2020.11.24-06.11.37:142][133]LogAssetTools: Warning: Failed to import 'C:\Users\16035\Documents\GAM2252 Digital Game\Art/WaysToDie/LVL2 (poison)/VialBlood.clip'. Unknown extension 'clip'.
[2020.11.24-06.11.37:142][133]LogFactory: FactoryCreateFile: Texture with ReimportTextureFactory (0 0 C:\Users\16035\Documents\GAM2252 Digital Game\Art/WaysToDie/LVL2 (poison)/VialBlood.png)
[2020.11.24-06.11.37:159][133]LogTexture: Display: Building textures: VialBlood (AutoDXT, 1000X1000)
[2020.11.24-06.11.37:357][133]LogAssetTools: Warning: Failed to import 'C:\Users\16035\Documents\GAM2252 Digital Game\Art/WaysToDie/LVL2 (poison)/VialEmpty.clip'. Unknown extension 'clip'.
[2020.11.24-06.11.37:358][133]LogFactory: FactoryCreateFile: Texture with ReimportTextureFactory (0 0 C:\Users\16035\Documents\GAM2252 Digital Game\Art/WaysToDie/LVL2 (poison)/VialEmpty.png)
[2020.11.24-06.11.37:376][133]LogTexture: Display: Building textures: VialEmpty (AutoDXT, 1000X1000)
[2020.11.24-06.11.37:576][133]LogAssetTools: Warning: Failed to import 'C:\Users\16035\Documents\GAM2252 Digital Game\Art/WaysToDie/LVL3 (suicide)/DeskPC$.clip'. Unknown extension 'clip'.
[2020.11.24-06.11.37:576][133]LogFactory: FactoryCreateFile: Texture with ReimportTextureFactory (0 0 C:\Users\16035\Documents\GAM2252 Digital Game\Art/WaysToDie/LVL3 (suicide)/DeskPC$.png)
[2020.11.24-06.11.37:594][133]LogTexture: Display: Building textures: DeskPC_ (AutoDXT, 1000X1000)
[2020.11.24-06.11.37:780][133]LogAssetTools: Warning: Failed to import 'C:\Users\16035\Documents\GAM2252 Digital Game\Art/WaysToDie/LVL3 (suicide)/OpenWindow.clip'. Unknown extension 'clip'.
[2020.11.24-06.11.37:781][133]LogFactory: FactoryCreateFile: Texture with ReimportTextureFactory (0 0 C:\Users\16035\Documents\GAM2252 Digital Game\Art/WaysToDie/LVL3 (suicide)/OpenWindow.png)
[2020.11.24-06.11.37:797][133]LogTexture: Display: Building textures: OpenWindow (AutoDXT, 1000X1000)
[2020.11.24-06.11.38:042][133]LogAssetTools: Warning: Failed to import 'C:\Users\16035\Documents\GAM2252 Digital Game\Art/WaysToDie/LVL3 (suicide)/PillowDeath!.clip'. Unknown extension 'clip'.
[2020.11.24-06.11.38:042][133]LogFactory: FactoryCreateFile: Texture with ReimportTextureFactory (0 0 C:\Users\16035\Documents\GAM2252 Digital Game\Art/WaysToDie/LVL3 (suicide)/PillowDeath!.png)
[2020.11.24-06.11.38:059][133]LogTexture: Display: Building textures: PillowDeath_ (AutoDXT, 1000X1000)
[2020.11.24-06.11.43:670][643]LogTexture: Display: Building textures: StainedClothes (AutoDXT, 1000X1000)
